2018-03-13 09:36:07,161 [main] INFO  org.mule.module.launcher.application.DefaultMuleApplication - 
++++++++++++++++++++++++++++++++++++++++++++++++++++++++++++
+ Initializing app 'crossoriginmule'                       +
++++++++++++++++++++++++++++++++++++++++++++++++++++++++++++
2018-03-13 09:36:07,317 [main] INFO  org.mule.lifecycle.AbstractLifecycleManager - Initialising RegistryBroker
2018-03-13 09:36:07,426 [main] INFO  org.mule.module.extension.internal.manager.DefaultExtensionManager - Starting discovery of extensions
2018-03-13 09:36:07,520 [main] INFO  org.mule.module.extension.internal.manager.DefaultExtensionManager - Discovered 1 extensions
2018-03-13 09:36:07,520 [main] INFO  org.mule.module.extension.internal.manager.DefaultExtensionManager - Registering extension validation (version 3.8)
2018-03-13 09:36:07,583 [main] INFO  org.mule.config.spring.MuleArtifactContext - Refreshing org.mule.config.spring.MuleArtifactContext@544630b7: startup date [Tue Mar 13 09:36:07 GMT 2018]; root of context hierarchy
2018-03-13 09:36:08,677 [main] INFO  org.mule.config.spring.processors.NoDevkitInjectorProcessor - JSR-330 'javax.inject.Inject' annotation found and supported for autowiring
2018-03-13 09:36:09,358 [main] WARN  org.mule.module.ognl.expression.OgnlExpressionEvaluator - OGNL module is deprecated and will be removed in Mule 4.0. Use MEL expressions instead.
2018-03-13 09:36:10,092 [main] INFO  org.mule.util.journal.TransactionJournal - Using files for tx logs C:\Users\Admin\AnypointStudio\workspace\.mule\.\.mule\crossoriginmule\queue-tx-log\tx1.log and C:\Users\Admin\AnypointStudio\workspace\.mule\.\.mule\crossoriginmule\queue-tx-log\tx2.log
2018-03-13 09:36:10,094 [main] INFO  org.mule.util.journal.TransactionJournal - Using files for tx logs C:\Users\Admin\AnypointStudio\workspace\.mule\.\.mule\crossoriginmule\queue-xa-tx-log\tx1.log and C:\Users\Admin\AnypointStudio\workspace\.mule\.\.mule\crossoriginmule\queue-xa-tx-log\tx2.log
2018-03-13 09:36:10,188 [main] INFO  org.mule.lifecycle.AbstractLifecycleManager - Initialising model: _muleSystemModel
2018-03-13 09:36:10,188 [main] INFO  org.mule.construct.FlowConstructLifecycleManager - Initialising flow: crossoriginmuleFlow
2018-03-13 09:36:10,188 [main] INFO  org.mule.exception.DefaultMessagingExceptionStrategy - Initialising exception listener: org.mule.exception.DefaultMessagingExceptionStrategy@1f939a0f
2018-03-13 09:36:10,219 [main] INFO  org.mule.processor.SedaStageLifecycleManager - Initialising service: crossoriginmuleFlow.stage1
2018-03-13 09:36:11,766 [main] INFO  org.mule.config.spring.SpringXmlConfigurationBuilder - Configured Mule using "org.mule.config.spring.SpringXmlConfigurationBuilder" with configuration resource(s): "[ConfigResource{resourceName='C:\Users\Admin\AnypointStudio\workspace\.mule\apps\crossoriginmule\crossoriginmule.xml'}]"
2018-03-13 09:36:11,766 [main] INFO  org.mule.config.builders.AutoConfigurationBuilder - Configured Mule using "org.mule.config.builders.AutoConfigurationBuilder" with configuration resource(s): "[ConfigResource{resourceName='C:\Users\Admin\AnypointStudio\workspace\.mule\apps\crossoriginmule\crossoriginmule.xml'}]"
2018-03-13 09:36:14,795 [main] INFO  org.mule.module.launcher.application.DefaultMuleApplication - 
++++++++++++++++++++++++++++++++++++++++++++++++++++++++++++
+ Starting app 'crossoriginmule'                           +
++++++++++++++++++++++++++++++++++++++++++++++++++++++++++++
2018-03-13 09:36:14,802 [main] INFO  org.mule.util.queue.QueueXaResourceManager - Starting ResourceManager
2018-03-13 09:36:14,802 [main] INFO  org.mule.util.queue.QueueXaResourceManager - Started ResourceManager
2018-03-13 09:36:14,864 [main] INFO  org.mule.module.http.internal.listener.DefaultHttpListenerConfig - Listening for requests on http://0.0.0.0:5001
2018-03-13 09:36:14,864 [main] INFO  org.mule.modules.oauth2.provider.agents.DefaultSplashScreenAgent - 
++++++++++++++++++++++++++++++++++++++++++++++++++++++++++++++++++++++++++++++++
+ DevKit Extensions (0) used in this application 
                             +
++++++++++++++++++++++++++++++++++++++++++++++++++++++++++++++++++++++++++++++++
2018-03-13 09:36:14,864 [main] INFO  org.mule.lifecycle.AbstractLifecycleManager - Starting model: _muleSystemModel
2018-03-13 09:36:14,864 [main] INFO  org.mule.construct.FlowConstructLifecycleManager - Starting flow: crossoriginmuleFlow
2018-03-13 09:36:14,864 [main] INFO  org.mule.processor.SedaStageLifecycleManager - Starting service: crossoriginmuleFlow.stage1
2018-03-13 09:36:14,911 [main] INFO  org.mule.module.management.agent.WrapperManagerAgent - This JVM hasn't been launched by the wrapper, the agent will not run.
2018-03-13 09:36:14,927 [main] INFO  org.mule.DefaultMuleContext - 
**********************************************************************
* Application: crossoriginmule                                       *
* OS encoding: \, Mule encoding: UTF-8                               *
*                                                                    *
* Agents Running:                                                    *
*   JMX Agent                                                        *
*   Batch module default engine                                      *
*   DevKit Extension Information                                     *
*   Wrapper Manager                                                  *
**********************************************************************
2018-03-13 09:36:25,058 [[crossoriginmule].HTTP_Listener_Configuration.worker.01] INFO  org.mule.module.http.internal.listener.HttpListenerRegistry - No listener found for request: (GET)/checkLogin
2018-03-13 09:36:25,058 [[crossoriginmule].HTTP_Listener_Configuration.worker.01] INFO  org.mule.module.http.internal.listener.HttpListenerRegistry - Available listeners are: [(*)/]
2018-03-13 09:36:25,105 [[crossoriginmule].HTTP_Listener_Configuration.worker.01] INFO  org.mule.module.http.internal.listener.HttpListenerRegistry - No listener found for request: (GET)/favicon.ico
2018-03-13 09:36:25,105 [[crossoriginmule].HTTP_Listener_Configuration.worker.01] INFO  org.mule.module.http.internal.listener.HttpListenerRegistry - Available listeners are: [(*)/]
2018-03-13 09:36:28,140 [[crossoriginmule].HTTP_Listener_Configuration.worker.01] INFO  org.mule.module.http.internal.listener.HttpListenerRegistry - No listener found for request: (GET)/css/vendor.min.css
2018-03-13 09:36:28,140 [[crossoriginmule].HTTP_Listener_Configuration.worker.01] INFO  org.mule.module.http.internal.listener.HttpListenerRegistry - Available listeners are: [(*)/]
2018-03-13 09:36:28,141 [[crossoriginmule].HTTP_Listener_Configuration.worker.02] INFO  org.mule.module.http.internal.listener.HttpListenerRegistry - No listener found for request: (GET)/css/mulesoft.min.css
2018-03-13 09:36:28,141 [[crossoriginmule].HTTP_Listener_Configuration.worker.02] INFO  org.mule.module.http.internal.listener.HttpListenerRegistry - Available listeners are: [(*)/]
2018-03-13 09:36:28,149 [[crossoriginmule].HTTP_Listener_Configuration.worker.02] INFO  org.mule.module.http.internal.listener.HttpListenerRegistry - No listener found for request: (GET)/js/jquery-1.11.2.min.js
2018-03-13 09:36:28,149 [[crossoriginmule].HTTP_Listener_Configuration.worker.02] INFO  org.mule.module.http.internal.listener.HttpListenerRegistry - Available listeners are: [(*)/]
2018-03-13 09:36:28,149 [[crossoriginmule].HTTP_Listener_Configuration.worker.01] INFO  org.mule.module.http.internal.listener.HttpListenerRegistry - No listener found for request: (GET)/js/bootstrap.min.js
2018-03-13 09:36:28,149 [[crossoriginmule].HTTP_Listener_Configuration.worker.01] INFO  org.mule.module.http.internal.listener.HttpListenerRegistry - Available listeners are: [(*)/]
2018-03-13 09:36:28,151 [[crossoriginmule].HTTP_Listener_Configuration.worker.02] INFO  org.mule.module.http.internal.listener.HttpListenerRegistry - No listener found for request: (GET)/js/addEndpoints.js
2018-03-13 09:36:28,151 [[crossoriginmule].HTTP_Listener_Configuration.worker.02] INFO  org.mule.module.http.internal.listener.HttpListenerRegistry - Available listeners are: [(*)/]
2018-03-13 09:36:28,153 [[crossoriginmule].HTTP_Listener_Configuration.worker.03] INFO  org.mule.module.http.internal.listener.HttpListenerRegistry - No listener found for request: (GET)/js/header-footer.js
2018-03-13 09:36:28,153 [[crossoriginmule].HTTP_Listener_Configuration.worker.03] INFO  org.mule.module.http.internal.listener.HttpListenerRegistry - Available listeners are: [(*)/]
2018-03-13 09:36:28,155 [[crossoriginmule].HTTP_Listener_Configuration.worker.01] INFO  org.mule.module.http.internal.listener.HttpListenerRegistry - No listener found for request: (GET)/js/jquery.fancybox.pack.js
2018-03-13 09:36:28,155 [[crossoriginmule].HTTP_Listener_Configuration.worker.01] INFO  org.mule.module.http.internal.listener.HttpListenerRegistry - Available listeners are: [(*)/]
2018-03-13 09:36:28,156 [[crossoriginmule].HTTP_Listener_Configuration.worker.03] INFO  org.mule.module.http.internal.listener.HttpListenerRegistry - No listener found for request: (GET)/js/last-campaign.min.js
2018-03-13 09:36:28,156 [[crossoriginmule].HTTP_Listener_Configuration.worker.03] INFO  org.mule.module.http.internal.listener.HttpListenerRegistry - Available listeners are: [(*)/]
2018-03-13 09:36:28,161 [[crossoriginmule].HTTP_Listener_Configuration.worker.02] INFO  org.mule.module.http.internal.listener.HttpListenerRegistry - No listener found for request: (GET)/js/trafficSource.js
2018-03-13 09:36:28,161 [[crossoriginmule].HTTP_Listener_Configuration.worker.02] INFO  org.mule.module.http.internal.listener.HttpListenerRegistry - Available listeners are: [(*)/]
2018-03-13 09:36:28,161 [[crossoriginmule].HTTP_Listener_Configuration.worker.03] INFO  org.mule.module.http.internal.listener.HttpListenerRegistry - No listener found for request: (GET)/js/scripts.js
2018-03-13 09:36:28,161 [[crossoriginmule].HTTP_Listener_Configuration.worker.03] INFO  org.mule.module.http.internal.listener.HttpListenerRegistry - Available listeners are: [(*)/]
2018-03-13 09:36:28,340 [[crossoriginmule].HTTP_Listener_Configuration.worker.02] INFO  org.mule.module.http.internal.listener.HttpListenerRegistry - No listener found for request: (GET)/js/header-menu.js
2018-03-13 09:36:28,340 [[crossoriginmule].HTTP_Listener_Configuration.worker.02] INFO  org.mule.module.http.internal.listener.HttpListenerRegistry - Available listeners are: [(*)/]
2018-03-13 09:36:28,340 [[crossoriginmule].HTTP_Listener_Configuration.worker.03] INFO  org.mule.module.http.internal.listener.HttpListenerRegistry - No listener found for request: (GET)/_images/parse.png
2018-03-13 09:36:28,340 [[crossoriginmule].HTTP_Listener_Configuration.worker.03] INFO  org.mule.module.http.internal.listener.HttpListenerRegistry - Available listeners are: [(*)/]
2018-03-13 09:36:28,347 [[crossoriginmule].HTTP_Listener_Configuration.worker.02] INFO  org.mule.module.http.internal.listener.HttpListenerRegistry - No listener found for request: (GET)/js/header-menu.js
2018-03-13 09:36:28,347 [[crossoriginmule].HTTP_Listener_Configuration.worker.02] INFO  org.mule.module.http.internal.listener.HttpListenerRegistry - Available listeners are: [(*)/]
2018-03-13 09:39:05,239 [Mule.app.deployer.monitor.1.thread.1] INFO  org.mule.module.launcher.application.DefaultMuleApplication - 
++++++++++++++++++++++++++++++++++++++++++++++++++++++++++++
+ Stopping app 'crossoriginmule'                           +
++++++++++++++++++++++++++++++++++++++++++++++++++++++++++++
2018-03-13 09:39:05,239 [Mule.app.deployer.monitor.1.thread.1] INFO  org.mule.construct.FlowConstructLifecycleManager - Stopping flow: crossoriginmuleFlow
2018-03-13 09:39:05,239 [Mule.app.deployer.monitor.1.thread.1] INFO  org.mule.processor.SedaStageLifecycleManager - Stopping service: crossoriginmuleFlow.stage1
2018-03-13 09:39:05,364 [Mule.app.deployer.monitor.1.thread.1] INFO  org.mule.lifecycle.AbstractLifecycleManager - Stopping model: _muleSystemModel
2018-03-13 09:39:05,380 [Mule.app.deployer.monitor.1.thread.1] INFO  org.mule.module.http.internal.listener.DefaultHttpListenerConfig - Stopped listener on http://0.0.0.0:5001
2018-03-13 09:39:05,380 [Mule.app.deployer.monitor.1.thread.1] INFO  org.mule.util.queue.QueueXaResourceManager - Stopping ResourceManager
2018-03-13 09:39:05,380 [Mule.app.deployer.monitor.1.thread.1] INFO  org.mule.util.queue.QueueXaResourceManager - Stopped ResourceManager
2018-03-13 09:39:05,396 [Mule.app.deployer.monitor.1.thread.1] INFO  org.mule.module.launcher.application.DefaultMuleApplication - 
++++++++++++++++++++++++++++++++++++++++++++++++++++++++++++
+ Disposing app 'crossoriginmule'                          +
++++++++++++++++++++++++++++++++++++++++++++++++++++++++++++
2018-03-13 09:39:05,396 [Mule.app.deployer.monitor.1.thread.1] INFO  org.mule.lifecycle.AbstractLifecycleManager - Disposing RegistryBroker
2018-03-13 09:39:05,396 [Mule.app.deployer.monitor.1.thread.1] INFO  org.mule.construct.FlowConstructLifecycleManager - Disposing flow: crossoriginmuleFlow
2018-03-13 09:39:05,396 [Mule.app.deployer.monitor.1.thread.1] INFO  org.mule.processor.SedaStageLifecycleManager - Disposing service: crossoriginmuleFlow.stage1
2018-03-13 09:39:05,396 [Mule.app.deployer.monitor.1.thread.1] INFO  org.mule.lifecycle.AbstractLifecycleManager - Disposing model: _muleSystemModel
2018-03-13 09:39:05,505 [Mule.app.deployer.monitor.1.thread.1] INFO  org.mule.config.spring.MuleArtifactContext - Closing org.mule.config.spring.MuleArtifactContext@544630b7: startup date [Tue Mar 13 09:36:07 GMT 2018]; root of context hierarchy
2018-03-13 09:39:05,614 [Mule.app.deployer.monitor.1.thread.1] INFO  org.mule.DefaultMuleContext - 
**********************************************************************
* Application "crossoriginmule" shut down normally on: 13/03/18      *
* 09:39                                                              *
* Up for: 0 days, 0 hours, 2 mins, 50.819 sec                        *
**********************************************************************
2018-03-13 09:39:05,724 [Mule.app.deployer.monitor.1.thread.1] INFO  org.mule.module.launcher.application.DefaultMuleApplication - 
++++++++++++++++++++++++++++++++++++++++++++++++++++++++++++
+ Initializing app 'crossoriginmule'                       +
++++++++++++++++++++++++++++++++++++++++++++++++++++++++++++
2018-03-13 09:39:05,724 [Mule.app.deployer.monitor.1.thread.1] WARN  com.mulesoft.module.client.APIPlatformClientCoreExtension - Client ID or Client Secret were not provided. API Manager client is DISABLED for app crossoriginmule
2018-03-13 09:39:05,724 [Mule.app.deployer.monitor.1.thread.1] INFO  org.mule.lifecycle.AbstractLifecycleManager - Initialising RegistryBroker
2018-03-13 09:39:05,739 [Mule.app.deployer.monitor.1.thread.1] INFO  org.mule.module.extension.internal.manager.DefaultExtensionManager - Starting discovery of extensions
2018-03-13 09:39:05,755 [Mule.app.deployer.monitor.1.thread.1] INFO  org.mule.module.extension.internal.manager.DefaultExtensionManager - Discovered 1 extensions
2018-03-13 09:39:05,755 [Mule.app.deployer.monitor.1.thread.1] INFO  org.mule.module.extension.internal.manager.DefaultExtensionManager - Registering extension validation (version 3.8)
2018-03-13 09:39:05,755 [Mule.app.deployer.monitor.1.thread.1] INFO  org.mule.config.spring.MuleArtifactContext - Refreshing org.mule.config.spring.MuleArtifactContext@5126311e: startup date [Tue Mar 13 09:39:05 GMT 2018]; root of context hierarchy
2018-03-13 09:39:06,052 [Mule.app.deployer.monitor.1.thread.1] INFO  org.mule.config.spring.processors.NoDevkitInjectorProcessor - JSR-330 'javax.inject.Inject' annotation found and supported for autowiring
2018-03-13 09:39:06,161 [Mule.app.deployer.monitor.1.thread.1] INFO  org.mule.util.journal.TransactionJournal - Using files for tx logs C:\Users\Admin\AnypointStudio\workspace\.mule\.\.mule\crossoriginmule\queue-tx-log\tx1.log and C:\Users\Admin\AnypointStudio\workspace\.mule\.\.mule\crossoriginmule\queue-tx-log\tx2.log
2018-03-13 09:39:06,161 [Mule.app.deployer.monitor.1.thread.1] INFO  org.mule.util.journal.TransactionJournal - Using files for tx logs C:\Users\Admin\AnypointStudio\workspace\.mule\.\.mule\crossoriginmule\queue-xa-tx-log\tx1.log and C:\Users\Admin\AnypointStudio\workspace\.mule\.\.mule\crossoriginmule\queue-xa-tx-log\tx2.log
2018-03-13 09:39:06,161 [Mule.app.deployer.monitor.1.thread.1] INFO  org.mule.lifecycle.AbstractLifecycleManager - Initialising model: _muleSystemModel
2018-03-13 09:39:06,161 [Mule.app.deployer.monitor.1.thread.1] INFO  org.mule.construct.FlowConstructLifecycleManager - Initialising flow: crossoriginmuleFlow
2018-03-13 09:39:06,161 [Mule.app.deployer.monitor.1.thread.1] INFO  org.mule.exception.DefaultMessagingExceptionStrategy - Initialising exception listener: org.mule.exception.DefaultMessagingExceptionStrategy@13a8c6bb
2018-03-13 09:39:06,177 [Mule.app.deployer.monitor.1.thread.1] INFO  org.mule.processor.SedaStageLifecycleManager - Initialising service: crossoriginmuleFlow.stage1
2018-03-13 09:39:06,208 [Mule.app.deployer.monitor.1.thread.1] INFO  org.mule.config.spring.SpringXmlConfigurationBuilder - Configured Mule using "org.mule.config.spring.SpringXmlConfigurationBuilder" with configuration resource(s): "[ConfigResource{resourceName='C:\Users\Admin\AnypointStudio\workspace\.mule\apps\crossoriginmule\crossoriginmule.xml'}]"
2018-03-13 09:39:06,208 [Mule.app.deployer.monitor.1.thread.1] INFO  org.mule.config.builders.AutoConfigurationBuilder - Configured Mule using "org.mule.config.builders.AutoConfigurationBuilder" with configuration resource(s): "[ConfigResource{resourceName='C:\Users\Admin\AnypointStudio\workspace\.mule\apps\crossoriginmule\crossoriginmule.xml'}]"
2018-03-13 09:39:09,208 [Mule.app.deployer.monitor.1.thread.1] INFO  org.mule.module.launcher.application.DefaultMuleApplication - 
++++++++++++++++++++++++++++++++++++++++++++++++++++++++++++
+ Starting app 'crossoriginmule'                           +
++++++++++++++++++++++++++++++++++++++++++++++++++++++++++++
2018-03-13 09:39:09,214 [Mule.app.deployer.monitor.1.thread.1] INFO  org.mule.util.queue.QueueXaResourceManager - Starting ResourceManager
2018-03-13 09:39:09,214 [Mule.app.deployer.monitor.1.thread.1] INFO  org.mule.util.queue.QueueXaResourceManager - Started ResourceManager
2018-03-13 09:39:09,246 [Mule.app.deployer.monitor.1.thread.1] INFO  org.mule.module.http.internal.listener.DefaultHttpListenerConfig - Listening for requests on http://0.0.0.0:5001
2018-03-13 09:39:09,246 [Mule.app.deployer.monitor.1.thread.1] INFO  org.mule.modules.oauth2.provider.agents.DefaultSplashScreenAgent - 
++++++++++++++++++++++++++++++++++++++++++++++++++++++++++++++++++++++++++++++++
+ DevKit Extensions (0) used in this application 
                             +
++++++++++++++++++++++++++++++++++++++++++++++++++++++++++++++++++++++++++++++++
2018-03-13 09:39:09,246 [Mule.app.deployer.monitor.1.thread.1] INFO  org.mule.lifecycle.AbstractLifecycleManager - Starting model: _muleSystemModel
2018-03-13 09:39:09,246 [Mule.app.deployer.monitor.1.thread.1] INFO  org.mule.construct.FlowConstructLifecycleManager - Starting flow: crossoriginmuleFlow
2018-03-13 09:39:09,246 [Mule.app.deployer.monitor.1.thread.1] INFO  org.mule.processor.SedaStageLifecycleManager - Starting service: crossoriginmuleFlow.stage1
2018-03-13 09:39:09,339 [Mule.app.deployer.monitor.1.thread.1] INFO  org.mule.module.management.agent.WrapperManagerAgent - This JVM hasn't been launched by the wrapper, the agent will not run.
2018-03-13 09:39:09,339 [Mule.app.deployer.monitor.1.thread.1] INFO  org.mule.DefaultMuleContext - 
**********************************************************************
* Application: crossoriginmule                                       *
* OS encoding: \, Mule encoding: UTF-8                               *
*                                                                    *
* Agents Running:                                                    *
*   JMX Agent                                                        *
*   Batch module default engine                                      *
*   DevKit Extension Information                                     *
*   Wrapper Manager                                                  *
**********************************************************************
2018-03-13 09:40:04,446 [Mule.app.deployer.monitor.1.thread.1] INFO  org.mule.module.launcher.application.DefaultMuleApplication - 
++++++++++++++++++++++++++++++++++++++++++++++++++++++++++++
+ Stopping app 'crossoriginmule'                           +
++++++++++++++++++++++++++++++++++++++++++++++++++++++++++++
2018-03-13 09:40:04,446 [Mule.app.deployer.monitor.1.thread.1] INFO  org.mule.construct.FlowConstructLifecycleManager - Stopping flow: crossoriginmuleFlow
2018-03-13 09:40:04,446 [Mule.app.deployer.monitor.1.thread.1] INFO  org.mule.processor.SedaStageLifecycleManager - Stopping service: crossoriginmuleFlow.stage1
2018-03-13 09:40:04,462 [Mule.app.deployer.monitor.1.thread.1] INFO  org.mule.lifecycle.AbstractLifecycleManager - Stopping model: _muleSystemModel
2018-03-13 09:40:04,462 [Mule.app.deployer.monitor.1.thread.1] INFO  org.mule.module.http.internal.listener.DefaultHttpListenerConfig - Stopped listener on http://0.0.0.0:5001
2018-03-13 09:40:04,462 [Mule.app.deployer.monitor.1.thread.1] INFO  org.mule.util.queue.QueueXaResourceManager - Stopping ResourceManager
2018-03-13 09:40:04,462 [Mule.app.deployer.monitor.1.thread.1] INFO  org.mule.util.queue.QueueXaResourceManager - Stopped ResourceManager
2018-03-13 09:40:04,478 [Mule.app.deployer.monitor.1.thread.1] INFO  org.mule.module.launcher.application.DefaultMuleApplication - 
++++++++++++++++++++++++++++++++++++++++++++++++++++++++++++
+ Disposing app 'crossoriginmule'                          +
++++++++++++++++++++++++++++++++++++++++++++++++++++++++++++
2018-03-13 09:40:04,478 [Mule.app.deployer.monitor.1.thread.1] INFO  org.mule.lifecycle.AbstractLifecycleManager - Disposing RegistryBroker
2018-03-13 09:40:04,478 [Mule.app.deployer.monitor.1.thread.1] INFO  org.mule.construct.FlowConstructLifecycleManager - Disposing flow: crossoriginmuleFlow
2018-03-13 09:40:04,478 [Mule.app.deployer.monitor.1.thread.1] INFO  org.mule.processor.SedaStageLifecycleManager - Disposing service: crossoriginmuleFlow.stage1
2018-03-13 09:40:04,478 [Mule.app.deployer.monitor.1.thread.1] INFO  org.mule.lifecycle.AbstractLifecycleManager - Disposing model: _muleSystemModel
2018-03-13 09:40:04,507 [Mule.app.deployer.monitor.1.thread.1] INFO  org.mule.config.spring.MuleArtifactContext - Closing org.mule.config.spring.MuleArtifactContext@5126311e: startup date [Tue Mar 13 09:39:05 GMT 2018]; root of context hierarchy
2018-03-13 09:40:04,716 [Mule.app.deployer.monitor.1.thread.1] INFO  org.mule.DefaultMuleContext - 
**********************************************************************
* Application "crossoriginmule" shut down normally on: 13/03/18      *
* 09:40                                                              *
* Up for: 0 days, 0 hours, 0 mins, 55.508 sec                        *
**********************************************************************
2018-03-13 09:40:04,794 [Mule.app.deployer.monitor.1.thread.1] INFO  org.mule.module.launcher.application.DefaultMuleApplication - 
++++++++++++++++++++++++++++++++++++++++++++++++++++++++++++
+ Initializing app 'crossoriginmule'                       +
++++++++++++++++++++++++++++++++++++++++++++++++++++++++++++
2018-03-13 09:40:04,794 [Mule.app.deployer.monitor.1.thread.1] WARN  com.mulesoft.module.client.APIPlatformClientCoreExtension - Client ID or Client Secret were not provided. API Manager client is DISABLED for app crossoriginmule
2018-03-13 09:40:04,794 [Mule.app.deployer.monitor.1.thread.1] WARN  com.mulesoft.module.client.APIPlatformClientCoreExtension - Client ID or Client Secret were not provided. API Manager client is DISABLED for app crossoriginmule
2018-03-13 09:40:04,794 [Mule.app.deployer.monitor.1.thread.1] INFO  org.mule.lifecycle.AbstractLifecycleManager - Initialising RegistryBroker
2018-03-13 09:40:04,810 [Mule.app.deployer.monitor.1.thread.1] INFO  org.mule.module.extension.internal.manager.DefaultExtensionManager - Starting discovery of extensions
2018-03-13 09:40:04,810 [Mule.app.deployer.monitor.1.thread.1] INFO  org.mule.module.extension.internal.manager.DefaultExtensionManager - Discovered 1 extensions
2018-03-13 09:40:04,810 [Mule.app.deployer.monitor.1.thread.1] INFO  org.mule.module.extension.internal.manager.DefaultExtensionManager - Registering extension validation (version 3.8)
2018-03-13 09:40:04,810 [Mule.app.deployer.monitor.1.thread.1] INFO  org.mule.config.spring.MuleArtifactContext - Refreshing org.mule.config.spring.MuleArtifactContext@162613cc: startup date [Tue Mar 13 09:40:04 GMT 2018]; root of context hierarchy
2018-03-13 09:40:04,982 [Mule.app.deployer.monitor.1.thread.1] INFO  org.mule.config.spring.processors.NoDevkitInjectorProcessor - JSR-330 'javax.inject.Inject' annotation found and supported for autowiring
2018-03-13 09:40:05,060 [Mule.app.deployer.monitor.1.thread.1] INFO  org.mule.util.journal.TransactionJournal - Using files for tx logs C:\Users\Admin\AnypointStudio\workspace\.mule\.\.mule\crossoriginmule\queue-tx-log\tx1.log and C:\Users\Admin\AnypointStudio\workspace\.mule\.\.mule\crossoriginmule\queue-tx-log\tx2.log
2018-03-13 09:40:05,060 [Mule.app.deployer.monitor.1.thread.1] INFO  org.mule.util.journal.TransactionJournal - Using files for tx logs C:\Users\Admin\AnypointStudio\workspace\.mule\.\.mule\crossoriginmule\queue-xa-tx-log\tx1.log and C:\Users\Admin\AnypointStudio\workspace\.mule\.\.mule\crossoriginmule\queue-xa-tx-log\tx2.log
2018-03-13 09:40:05,060 [Mule.app.deployer.monitor.1.thread.1] INFO  org.mule.lifecycle.AbstractLifecycleManager - Initialising model: _muleSystemModel
2018-03-13 09:40:05,060 [Mule.app.deployer.monitor.1.thread.1] INFO  org.mule.construct.FlowConstructLifecycleManager - Initialising flow: crossoriginmuleFlow
2018-03-13 09:40:05,060 [Mule.app.deployer.monitor.1.thread.1] INFO  org.mule.exception.DefaultMessagingExceptionStrategy - Initialising exception listener: org.mule.exception.DefaultMessagingExceptionStrategy@2d5d56a5
2018-03-13 09:40:05,076 [Mule.app.deployer.monitor.1.thread.1] INFO  org.mule.processor.SedaStageLifecycleManager - Initialising service: crossoriginmuleFlow.stage1
2018-03-13 09:40:05,091 [Mule.app.deployer.monitor.1.thread.1] INFO  org.mule.config.spring.SpringXmlConfigurationBuilder - Configured Mule using "org.mule.config.spring.SpringXmlConfigurationBuilder" with configuration resource(s): "[ConfigResource{resourceName='C:\Users\Admin\AnypointStudio\workspace\.mule\apps\crossoriginmule\crossoriginmule.xml'}]"
2018-03-13 09:40:05,091 [Mule.app.deployer.monitor.1.thread.1] INFO  org.mule.config.builders.AutoConfigurationBuilder - Configured Mule using "org.mule.config.builders.AutoConfigurationBuilder" with configuration resource(s): "[ConfigResource{resourceName='C:\Users\Admin\AnypointStudio\workspace\.mule\apps\crossoriginmule\crossoriginmule.xml'}]"
2018-03-13 09:40:08,091 [Mule.app.deployer.monitor.1.thread.1] INFO  org.mule.module.launcher.application.DefaultMuleApplication - 
++++++++++++++++++++++++++++++++++++++++++++++++++++++++++++
+ Starting app 'crossoriginmule'                           +
++++++++++++++++++++++++++++++++++++++++++++++++++++++++++++
2018-03-13 09:40:08,097 [Mule.app.deployer.monitor.1.thread.1] INFO  org.mule.util.queue.QueueXaResourceManager - Starting ResourceManager
2018-03-13 09:40:08,097 [Mule.app.deployer.monitor.1.thread.1] INFO  org.mule.util.queue.QueueXaResourceManager - Started ResourceManager
2018-03-13 09:40:08,113 [Mule.app.deployer.monitor.1.thread.1] INFO  org.mule.module.http.internal.listener.DefaultHttpListenerConfig - Listening for requests on http://0.0.0.0:5001
2018-03-13 09:40:08,128 [Mule.app.deployer.monitor.1.thread.1] INFO  org.mule.modules.oauth2.provider.agents.DefaultSplashScreenAgent - 
++++++++++++++++++++++++++++++++++++++++++++++++++++++++++++++++++++++++++++++++
+ DevKit Extensions (0) used in this application 
                             +
++++++++++++++++++++++++++++++++++++++++++++++++++++++++++++++++++++++++++++++++
2018-03-13 09:40:08,128 [Mule.app.deployer.monitor.1.thread.1] INFO  org.mule.lifecycle.AbstractLifecycleManager - Starting model: _muleSystemModel
2018-03-13 09:40:08,128 [Mule.app.deployer.monitor.1.thread.1] INFO  org.mule.construct.FlowConstructLifecycleManager - Starting flow: crossoriginmuleFlow
2018-03-13 09:40:08,128 [Mule.app.deployer.monitor.1.thread.1] INFO  org.mule.processor.SedaStageLifecycleManager - Starting service: crossoriginmuleFlow.stage1
2018-03-13 09:40:08,160 [Mule.app.deployer.monitor.1.thread.1] INFO  org.mule.module.management.agent.WrapperManagerAgent - This JVM hasn't been launched by the wrapper, the agent will not run.
2018-03-13 09:40:08,160 [Mule.app.deployer.monitor.1.thread.1] INFO  org.mule.DefaultMuleContext - 
**********************************************************************
* Application: crossoriginmule                                       *
* OS encoding: \, Mule encoding: UTF-8                               *
*                                                                    *
* Agents Running:                                                    *
*   JMX Agent                                                        *
*   Batch module default engine                                      *
*   DevKit Extension Information                                     *
*   Wrapper Manager                                                  *
**********************************************************************
2018-03-13 09:40:28,205 [Mule.app.deployer.monitor.1.thread.1] INFO  org.mule.module.launcher.application.DefaultMuleApplication - 
++++++++++++++++++++++++++++++++++++++++++++++++++++++++++++
+ Stopping app 'crossoriginmule'                           +
++++++++++++++++++++++++++++++++++++++++++++++++++++++++++++
2018-03-13 09:40:28,206 [Mule.app.deployer.monitor.1.thread.1] INFO  org.mule.construct.FlowConstructLifecycleManager - Stopping flow: crossoriginmuleFlow
2018-03-13 09:40:28,206 [Mule.app.deployer.monitor.1.thread.1] INFO  org.mule.processor.SedaStageLifecycleManager - Stopping service: crossoriginmuleFlow.stage1
2018-03-13 09:40:28,253 [Mule.app.deployer.monitor.1.thread.1] INFO  org.mule.lifecycle.AbstractLifecycleManager - Stopping model: _muleSystemModel
2018-03-13 09:40:28,253 [Mule.app.deployer.monitor.1.thread.1] INFO  org.mule.module.http.internal.listener.DefaultHttpListenerConfig - Stopped listener on http://0.0.0.0:5001
2018-03-13 09:40:28,253 [Mule.app.deployer.monitor.1.thread.1] INFO  org.mule.util.queue.QueueXaResourceManager - Stopping ResourceManager
2018-03-13 09:40:28,253 [Mule.app.deployer.monitor.1.thread.1] INFO  org.mule.util.queue.QueueXaResourceManager - Stopped ResourceManager
2018-03-13 09:40:28,253 [Mule.app.deployer.monitor.1.thread.1] INFO  org.mule.module.launcher.application.DefaultMuleApplication - 
++++++++++++++++++++++++++++++++++++++++++++++++++++++++++++
+ Disposing app 'crossoriginmule'                          +
++++++++++++++++++++++++++++++++++++++++++++++++++++++++++++
2018-03-13 09:40:28,253 [Mule.app.deployer.monitor.1.thread.1] INFO  org.mule.lifecycle.AbstractLifecycleManager - Disposing RegistryBroker
2018-03-13 09:40:28,253 [Mule.app.deployer.monitor.1.thread.1] INFO  org.mule.construct.FlowConstructLifecycleManager - Disposing flow: crossoriginmuleFlow
2018-03-13 09:40:28,253 [Mule.app.deployer.monitor.1.thread.1] INFO  org.mule.processor.SedaStageLifecycleManager - Disposing service: crossoriginmuleFlow.stage1
2018-03-13 09:40:28,253 [Mule.app.deployer.monitor.1.thread.1] INFO  org.mule.lifecycle.AbstractLifecycleManager - Disposing model: _muleSystemModel
2018-03-13 09:40:28,300 [Mule.app.deployer.monitor.1.thread.1] INFO  org.mule.config.spring.MuleArtifactContext - Closing org.mule.config.spring.MuleArtifactContext@162613cc: startup date [Tue Mar 13 09:40:04 GMT 2018]; root of context hierarchy
2018-03-13 09:40:28,394 [Mule.app.deployer.monitor.1.thread.1] INFO  org.mule.DefaultMuleContext - 
**********************************************************************
* Application "crossoriginmule" shut down normally on: 13/03/18      *
* 09:40                                                              *
* Up for: 0 days, 0 hours, 0 mins, 20.303 sec                        *
**********************************************************************
2018-03-13 09:40:28,425 [Mule.app.deployer.monitor.1.thread.1] INFO  org.mule.module.launcher.application.DefaultMuleApplication - 
++++++++++++++++++++++++++++++++++++++++++++++++++++++++++++
+ Initializing app 'crossoriginmule'                       +
++++++++++++++++++++++++++++++++++++++++++++++++++++++++++++
2018-03-13 09:40:28,425 [Mule.app.deployer.monitor.1.thread.1] WARN  com.mulesoft.module.client.APIPlatformClientCoreExtension - Client ID or Client Secret were not provided. API Manager client is DISABLED for app crossoriginmule
2018-03-13 09:40:28,425 [Mule.app.deployer.monitor.1.thread.1] WARN  com.mulesoft.module.client.APIPlatformClientCoreExtension - Client ID or Client Secret were not provided. API Manager client is DISABLED for app crossoriginmule
2018-03-13 09:40:28,425 [Mule.app.deployer.monitor.1.thread.1] WARN  com.mulesoft.module.client.APIPlatformClientCoreExtension - Client ID or Client Secret were not provided. API Manager client is DISABLED for app crossoriginmule
2018-03-13 09:40:28,425 [Mule.app.deployer.monitor.1.thread.1] INFO  org.mule.lifecycle.AbstractLifecycleManager - Initialising RegistryBroker
2018-03-13 09:40:28,441 [Mule.app.deployer.monitor.1.thread.1] INFO  org.mule.module.extension.internal.manager.DefaultExtensionManager - Starting discovery of extensions
2018-03-13 09:40:28,441 [Mule.app.deployer.monitor.1.thread.1] INFO  org.mule.module.extension.internal.manager.DefaultExtensionManager - Discovered 1 extensions
2018-03-13 09:40:28,441 [Mule.app.deployer.monitor.1.thread.1] INFO  org.mule.module.extension.internal.manager.DefaultExtensionManager - Registering extension validation (version 3.8)
2018-03-13 09:40:28,456 [Mule.app.deployer.monitor.1.thread.1] INFO  org.mule.config.spring.MuleArtifactContext - Refreshing org.mule.config.spring.MuleArtifactContext@29d9add3: startup date [Tue Mar 13 09:40:28 GMT 2018]; root of context hierarchy
2018-03-13 09:40:28,613 [Mule.app.deployer.monitor.1.thread.1] INFO  org.mule.config.spring.processors.NoDevkitInjectorProcessor - JSR-330 'javax.inject.Inject' annotation found and supported for autowiring
2018-03-13 09:40:28,675 [Mule.app.deployer.monitor.1.thread.1] INFO  org.mule.util.journal.TransactionJournal - Using files for tx logs C:\Users\Admin\AnypointStudio\workspace\.mule\.\.mule\crossoriginmule\queue-tx-log\tx1.log and C:\Users\Admin\AnypointStudio\workspace\.mule\.\.mule\crossoriginmule\queue-tx-log\tx2.log
2018-03-13 09:40:28,675 [Mule.app.deployer.monitor.1.thread.1] INFO  org.mule.util.journal.TransactionJournal - Using files for tx logs C:\Users\Admin\AnypointStudio\workspace\.mule\.\.mule\crossoriginmule\queue-xa-tx-log\tx1.log and C:\Users\Admin\AnypointStudio\workspace\.mule\.\.mule\crossoriginmule\queue-xa-tx-log\tx2.log
2018-03-13 09:40:28,691 [Mule.app.deployer.monitor.1.thread.1] INFO  org.mule.lifecycle.AbstractLifecycleManager - Initialising model: _muleSystemModel
2018-03-13 09:40:28,691 [Mule.app.deployer.monitor.1.thread.1] INFO  org.mule.construct.FlowConstructLifecycleManager - Initialising flow: crossoriginmuleFlow
2018-03-13 09:40:28,691 [Mule.app.deployer.monitor.1.thread.1] INFO  org.mule.exception.DefaultMessagingExceptionStrategy - Initialising exception listener: org.mule.exception.DefaultMessagingExceptionStrategy@6e1b08ed
2018-03-13 09:40:28,691 [Mule.app.deployer.monitor.1.thread.1] INFO  org.mule.processor.SedaStageLifecycleManager - Initialising service: crossoriginmuleFlow.stage1
2018-03-13 09:40:28,706 [Mule.app.deployer.monitor.1.thread.1] INFO  org.mule.config.spring.SpringXmlConfigurationBuilder - Configured Mule using "org.mule.config.spring.SpringXmlConfigurationBuilder" with configuration resource(s): "[ConfigResource{resourceName='C:\Users\Admin\AnypointStudio\workspace\.mule\apps\crossoriginmule\crossoriginmule.xml'}]"
2018-03-13 09:40:28,706 [Mule.app.deployer.monitor.1.thread.1] INFO  org.mule.config.builders.AutoConfigurationBuilder - Configured Mule using "org.mule.config.builders.AutoConfigurationBuilder" with configuration resource(s): "[ConfigResource{resourceName='C:\Users\Admin\AnypointStudio\workspace\.mule\apps\crossoriginmule\crossoriginmule.xml'}]"
2018-03-13 09:40:33,598 [main] INFO  org.mule.module.launcher.application.DefaultMuleApplication - 
++++++++++++++++++++++++++++++++++++++++++++++++++++++++++++
+ Initializing app 'crossoriginmule'                       +
++++++++++++++++++++++++++++++++++++++++++++++++++++++++++++
2018-03-13 09:40:33,723 [main] INFO  org.mule.lifecycle.AbstractLifecycleManager - Initialising RegistryBroker
2018-03-13 09:40:33,832 [main] INFO  org.mule.module.extension.internal.manager.DefaultExtensionManager - Starting discovery of extensions
2018-03-13 09:40:33,926 [main] INFO  org.mule.module.extension.internal.manager.DefaultExtensionManager - Discovered 1 extensions
2018-03-13 09:40:33,926 [main] INFO  org.mule.module.extension.internal.manager.DefaultExtensionManager - Registering extension validation (version 3.8)
2018-03-13 09:40:33,989 [main] INFO  org.mule.config.spring.MuleArtifactContext - Refreshing org.mule.config.spring.MuleArtifactContext@544630b7: startup date [Tue Mar 13 09:40:33 GMT 2018]; root of context hierarchy
2018-03-13 09:40:35,098 [main] INFO  org.mule.config.spring.processors.NoDevkitInjectorProcessor - JSR-330 'javax.inject.Inject' annotation found and supported for autowiring
2018-03-13 09:40:35,834 [main] WARN  org.mule.module.ognl.expression.OgnlExpressionEvaluator - OGNL module is deprecated and will be removed in Mule 4.0. Use MEL expressions instead.
2018-03-13 09:40:36,552 [main] INFO  org.mule.util.journal.TransactionJournal - Using files for tx logs C:\Users\Admin\AnypointStudio\workspace\.mule\.\.mule\crossoriginmule\queue-tx-log\tx1.log and C:\Users\Admin\AnypointStudio\workspace\.mule\.\.mule\crossoriginmule\queue-tx-log\tx2.log
2018-03-13 09:40:36,564 [main] INFO  org.mule.util.journal.TransactionJournal - Using files for tx logs C:\Users\Admin\AnypointStudio\workspace\.mule\.\.mule\crossoriginmule\queue-xa-tx-log\tx1.log and C:\Users\Admin\AnypointStudio\workspace\.mule\.\.mule\crossoriginmule\queue-xa-tx-log\tx2.log
2018-03-13 09:40:36,642 [main] INFO  org.mule.lifecycle.AbstractLifecycleManager - Initialising model: _muleSystemModel
2018-03-13 09:40:36,642 [main] INFO  org.mule.construct.FlowConstructLifecycleManager - Initialising flow: crossoriginmuleFlow
2018-03-13 09:40:36,642 [main] INFO  org.mule.exception.DefaultMessagingExceptionStrategy - Initialising exception listener: org.mule.exception.DefaultMessagingExceptionStrategy@7cfac39f
2018-03-13 09:40:36,673 [main] INFO  org.mule.processor.SedaStageLifecycleManager - Initialising service: crossoriginmuleFlow.stage1
2018-03-13 09:40:36,915 [main] INFO  org.mule.config.spring.SpringXmlConfigurationBuilder - Configured Mule using "org.mule.config.spring.SpringXmlConfigurationBuilder" with configuration resource(s): "[ConfigResource{resourceName='C:\Users\Admin\AnypointStudio\workspace\.mule\apps\crossoriginmule\crossoriginmule.xml'}]"
2018-03-13 09:40:36,915 [main] INFO  org.mule.config.builders.AutoConfigurationBuilder - Configured Mule using "org.mule.config.builders.AutoConfigurationBuilder" with configuration resource(s): "[ConfigResource{resourceName='C:\Users\Admin\AnypointStudio\workspace\.mule\apps\crossoriginmule\crossoriginmule.xml'}]"
2018-03-13 09:40:39,946 [main] INFO  org.mule.module.launcher.application.DefaultMuleApplication - 
++++++++++++++++++++++++++++++++++++++++++++++++++++++++++++
+ Starting app 'crossoriginmule'                           +
++++++++++++++++++++++++++++++++++++++++++++++++++++++++++++
2018-03-13 09:40:39,954 [main] INFO  org.mule.util.queue.QueueXaResourceManager - Starting ResourceManager
2018-03-13 09:40:39,954 [main] INFO  org.mule.util.queue.QueueXaResourceManager - Started ResourceManager
2018-03-13 09:40:40,001 [main] INFO  org.mule.module.http.internal.listener.DefaultHttpListenerConfig - Listening for requests on http://0.0.0.0:5001
2018-03-13 09:40:40,016 [main] INFO  org.mule.modules.oauth2.provider.agents.DefaultSplashScreenAgent - 
++++++++++++++++++++++++++++++++++++++++++++++++++++++++++++++++++++++++++++++++
+ DevKit Extensions (0) used in this application 
                             +
++++++++++++++++++++++++++++++++++++++++++++++++++++++++++++++++++++++++++++++++
2018-03-13 09:40:40,016 [main] INFO  org.mule.lifecycle.AbstractLifecycleManager - Starting model: _muleSystemModel
2018-03-13 09:40:40,016 [main] INFO  org.mule.construct.FlowConstructLifecycleManager - Starting flow: crossoriginmuleFlow
2018-03-13 09:40:40,016 [main] INFO  org.mule.processor.SedaStageLifecycleManager - Starting service: crossoriginmuleFlow.stage1
2018-03-13 09:40:40,235 [main] INFO  org.mule.module.management.agent.WrapperManagerAgent - This JVM hasn't been launched by the wrapper, the agent will not run.
2018-03-13 09:40:40,251 [main] INFO  org.mule.DefaultMuleContext - 
**********************************************************************
* Application: crossoriginmule                                       *
* OS encoding: \, Mule encoding: UTF-8                               *
*                                                                    *
* Agents Running:                                                    *
*   JMX Agent                                                        *
*   Batch module default engine                                      *
*   DevKit Extension Information                                     *
*   Wrapper Manager                                                  *
**********************************************************************
2018-03-13 09:40:49,886 [[crossoriginmule].HTTP_Listener_Configuration.worker.01] ERROR org.mule.exception.DefaultMessagingExceptionStrategy - 
********************************************************************************
Message               : Response code 401 mapped as failure.
Payload               : org.glassfish.grizzly.utils.BufferInputStream@1c309e12
Element               : /crossoriginmuleFlow/processors/0 @ crossoriginmule:crossoriginmule.xml:13 (HTTP)
Element XML           : <http:request config-ref="onlinelistener" path="/data/2.5/weather?q=London,uk" method="GET" doc:name="HTTP"></http:request>
--------------------------------------------------------------------------------
Root Exception stack trace:
org.mule.module.http.internal.request.ResponseValidatorException: Response code 401 mapped as failure.
	at org.mule.module.http.internal.request.SuccessStatusCodeValidator.validate(SuccessStatusCodeValidator.java:37)
	at org.mule.module.http.internal.request.DefaultHttpRequester.validateResponse(DefaultHttpRequester.java:413)
	at org.mule.module.http.internal.request.DefaultHttpRequester.innerProcess(DefaultHttpRequester.java:401)
	at org.mule.module.http.internal.request.DefaultHttpRequester.processBlocking(DefaultHttpRequester.java:221)
	at org.mule.processor.AbstractNonBlockingMessageProcessor.process(AbstractNonBlockingMessageProcessor.java:43)
	at org.mule.execution.ExceptionToMessagingExceptionExecutionInterceptor.execute(ExceptionToMessagingExceptionExecutionInterceptor.java:27)
	at org.mule.execution.MessageProcessorNotificationExecutionInterceptor.execute(MessageProcessorNotificationExecutionInterceptor.java:108)
	at org.mule.execution.MessageProcessorExecutionTemplate.execute(MessageProcessorExecutionTemplate.java:44)
	at org.mule.processor.BlockingProcessorExecutor.executeNext(BlockingProcessorExecutor.java:88)
	at org.mule.processor.BlockingProcessorExecutor.execute(BlockingProcessorExecutor.java:59)
	at org.mule.execution.ExceptionToMessagingExceptionExecutionInterceptor.execute(ExceptionToMessagingExceptionExecutionInterceptor.java:27)
	at org.mule.execution.MessageProcessorExecutionTemplate.execute(MessageProcessorExecutionTemplate.java:44)
	at org.mule.processor.BlockingProcessorExecutor.executeNext(BlockingProcessorExecutor.java:98)
	at org.mule.processor.BlockingProcessorExecutor.execute(BlockingProcessorExecutor.java:59)
	at org.mule.processor.AsyncInterceptingMessageProcessor.process(AsyncInterceptingMessageProcessor.java:108)
	at org.mule.execution.ExceptionToMessagingExceptionExecutionInterceptor.execute(ExceptionToMessagingExceptionExecutionInterceptor.java:27)
	at org.mule.execution.MessageProcessorNotificationExecutionInterceptor.execute(MessageProcessorNotificationExecutionInterceptor.java:108)
	at org.mule.execution.MessageProcessorExecutionTemplate.execute(MessageProcessorExecutionTemplate.java:44)
	at org.mule.processor.BlockingProcessorExecutor.executeNext(BlockingProcessorExecutor.java:98)
	at org.mule.processor.BlockingProcessorExecutor.execute(BlockingProcessorExecutor.java:59)
	at org.mule.construct.DynamicPipelineMessageProcessor.process(DynamicPipelineMessageProcessor.java:55)
	at org.mule.execution.ExceptionToMessagingExceptionExecutionInterceptor.execute(ExceptionToMessagingExceptionExecutionInterceptor.java:27)
	at org.mule.execution.MessageProcessorNotificationExecutionInterceptor.execute(MessageProcessorNotificationExecutionInterceptor.java:108)
	at org.mule.execution.MessageProcessorExecutionTemplate.execute(MessageProcessorExecutionTemplate.java:44)
	at org.mule.processor.BlockingProcessorExecutor.executeNext(BlockingProcessorExecutor.java:88)
	at org.mule.processor.BlockingProcessorExecutor.execute(BlockingProcessorExecutor.java:59)
	at org.mule.execution.ExceptionToMessagingExceptionExecutionInterceptor.execute(ExceptionToMessagingExceptionExecutionInterceptor.java:27)
	at org.mule.execution.MessageProcessorExecutionTemplate.execute(MessageProcessorExecutionTemplate.java:44)
	at org.mule.processor.BlockingProcessorExecutor.executeNext(BlockingProcessorExecutor.java:98)
	at org.mule.processor.BlockingProcessorExecutor.execute(BlockingProcessorExecutor.java:59)
	at org.mule.interceptor.AbstractEnvelopeInterceptor.processBlocking(AbstractEnvelopeInterceptor.java:58)
	at org.mule.processor.AbstractRequestResponseMessageProcessor.process(AbstractRequestResponseMessageProcessor.java:47)
	at org.mule.execution.ExceptionToMessagingExceptionExecutionInterceptor.execute(ExceptionToMessagingExceptionExecutionInterceptor.java:27)
	at org.mule.execution.MessageProcessorNotificationExecutionInterceptor.execute(MessageProcessorNotificationExecutionInterceptor.java:108)
	at org.mule.execution.MessageProcessorExecutionTemplate.execute(MessageProcessorExecutionTemplate.java:44)
	at org.mule.processor.BlockingProcessorExecutor.executeNext(BlockingProcessorExecutor.java:98)
	at org.mule.processor.BlockingProcessorExecutor.execute(BlockingProcessorExecutor.java:59)
	at org.mule.processor.AbstractFilteringMessageProcessor.process(AbstractFilteringMessageProcessor.java:52)
	at org.mule.execution.ExceptionToMessagingExceptionExecutionInterceptor.execute(ExceptionToMessagingExceptionExecutionInterceptor.java:27)
	at org.mule.execution.MessageProcessorNotificationExecutionInterceptor.execute(MessageProcessorNotificationExecutionInterceptor.java:108)
	at org.mule.execution.MessageProcessorExecutionTemplate.execute(MessageProcessorExecutionTemplate.java:44)
	at org.mule.processor.BlockingProcessorExecutor.executeNext(BlockingProcessorExecutor.java:98)
	at org.mule.processor.BlockingProcessorExecutor.execute(BlockingProcessorExecutor.java:59)
	at org.mule.processor.AbstractRequestResponseMessageProcessor.processBlocking(AbstractRequestResponseMessageProcessor.java:56)
	at org.mule.processor.AbstractRequestResponseMessageProcessor.process(AbstractRequestResponseMessageProcessor.java:47)
	at org.mule.execution.ExceptionToMessagingExceptionExecutionInterceptor.execute(ExceptionToMessagingExceptionExecutionInterceptor.java:27)
	at org.mule.execution.MessageProcessorNotificationExecutionInterceptor.execute(MessageProcessorNotificationExecutionInterceptor.java:108)
	at org.mule.execution.MessageProcessorExecutionTemplate.execute(MessageProcessorExecutionTemplate.java:44)
	at org.mule.processor.BlockingProcessorExecutor.executeNext(BlockingProcessorExecutor.java:88)
	at org.mule.processor.BlockingProcessorExecutor.execute(BlockingProcessorExecutor.java:59)
	at org.mule.execution.ExceptionToMessagingExceptionExecutionInterceptor.execute(ExceptionToMessagingExceptionExecutionInterceptor.java:27)
	at org.mule.execution.MessageProcessorNotificationExecutionInterceptor.execute(MessageProcessorNotificationExecutionInterceptor.java:108)
	at org.mule.execution.MessageProcessorExecutionTemplate.execute(MessageProcessorExecutionTemplate.java:44)
	at org.mule.construct.AbstractPipeline$3.process(AbstractPipeline.java:232)
	at org.mule.module.http.internal.listener.HttpMessageProcessorTemplate.routeEvent(HttpMessageProcessorTemplate.java:73)
	at org.mule.execution.AsyncResponseFlowProcessingPhase$1.process(AsyncResponseFlowProcessingPhase.java:72)
	at org.mule.execution.AsyncResponseFlowProcessingPhase$1.process(AsyncResponseFlowProcessingPhase.java:59)
	at org.mule.execution.ExecuteCallbackInterceptor.execute(ExecuteCallbackInterceptor.java:16)
	at org.mule.execution.CommitTransactionInterceptor.execute(CommitTransactionInterceptor.java:35)
	at org.mule.execution.CommitTransactionInterceptor.execute(CommitTransactionInterceptor.java:22)
	at org.mule.execution.HandleExceptionInterceptor.execute(HandleExceptionInterceptor.java:30)
	at org.mule.execution.HandleExceptionInterceptor.execute(HandleExceptionInterceptor.java:14)
	at org.mule.execution.BeginAndResolveTransactionInterceptor.execute(BeginAndResolveTransactionInterceptor.java:67)
	at org.mule.execution.ResolvePreviousTransactionInterceptor.execute(ResolvePreviousTransactionInterceptor.java:44)
	at org.mule.execution.SuspendXaTransactionInterceptor.execute(SuspendXaTransactionInterceptor.java:50)
	at org.mule.execution.ValidateTransactionalStateInterceptor.execute(ValidateTransactionalStateInterceptor.java:40)
	at org.mule.execution.IsolateCurrentTransactionInterceptor.execute(IsolateCurrentTransactionInterceptor.java:41)
	at org.mule.execution.ExternalTransactionInterceptor.execute(ExternalTransactionInterceptor.java:48)
	at org.mule.execution.RethrowExceptionInterceptor.execute(RethrowExceptionInterceptor.java:28)
	at org.mule.execution.RethrowExceptionInterceptor.execute(RethrowExceptionInterceptor.java:13)
	at org.mule.execution.TransactionalErrorHandlingExecutionTemplate.execute(TransactionalErrorHandlingExecutionTemplate.java:110)
	at org.mule.execution.AsyncResponseFlowProcessingPhase.runPhase(AsyncResponseFlowProcessingPhase.java:58)
	at org.mule.execution.AsyncResponseFlowProcessingPhase.runPhase(AsyncResponseFlowProcessingPhase.java:35)
	at org.mule.execution.PhaseExecutionEngine$InternalPhaseExecutionEngine.phaseSuccessfully(PhaseExecutionEngine.java:65)
	at org.mule.execution.PhaseExecutionEngine$InternalPhaseExecutionEngine.phaseSuccessfully(PhaseExecutionEngine.java:69)
	at com.mulesoft.mule.throttling.ThrottlingPhase.runPhase(ThrottlingPhase.java:187)
	at com.mulesoft.mule.throttling.ThrottlingPhase.runPhase(ThrottlingPhase.java:58)
	at org.mule.execution.PhaseExecutionEngine$InternalPhaseExecutionEngine.phaseSuccessfully(PhaseExecutionEngine.java:65)
	at com.mulesoft.gateway.http.phases.GatewayValidationPhase.runPhase(GatewayValidationPhase.java:93)
	at com.mulesoft.gateway.http.phases.GatewayValidationPhase.runPhase(GatewayValidationPhase.java:49)
	at org.mule.execution.PhaseExecutionEngine$InternalPhaseExecutionEngine.phaseSuccessfully(PhaseExecutionEngine.java:65)
	at org.mule.modules.cors.CorsPhase.runPhase(CorsPhase.java:112)
	at org.mule.modules.cors.CorsPhase.runPhase(CorsPhase.java:39)
	at org.mule.execution.PhaseExecutionEngine$InternalPhaseExecutionEngine.process(PhaseExecutionEngine.java:114)
	at org.mule.execution.PhaseExecutionEngine.process(PhaseExecutionEngine.java:41)
	at org.mule.execution.MuleMessageProcessingManager.processMessage(MuleMessageProcessingManager.java:32)
	at org.mule.module.http.internal.listener.DefaultHttpListener$1.handleRequest(DefaultHttpListener.java:135)
	at org.mule.module.http.internal.listener.grizzly.GrizzlyRequestDispatcherFilter.handleRead(GrizzlyRequestDispatcherFilter.java:100)
	at org.glassfish.grizzly.filterchain.ExecutorResolver$9.execute(ExecutorResolver.java:119)
	at org.glassfish.grizzly.filterchain.DefaultFilterChain.executeFilter(DefaultFilterChain.java:284)
	at org.glassfish.grizzly.filterchain.DefaultFilterChain.executeChainPart(DefaultFilterChain.java:201)
	at org.glassfish.grizzly.filterchain.DefaultFilterChain.execute(DefaultFilterChain.java:133)
	at org.glassfish.grizzly.filterchain.DefaultFilterChain.process(DefaultFilterChain.java:112)
	at org.glassfish.grizzly.ProcessorExecutor.execute(ProcessorExecutor.java:77)
	at org.glassfish.grizzly.nio.transport.TCPNIOTransport.fireIOEvent(TCPNIOTransport.java:539)
	at org.glassfish.grizzly.strategies.AbstractIOStrategy.fireIOEvent(AbstractIOStrategy.java:112)
	at org.mule.module.http.internal.listener.grizzly.ExecutorPerServerAddressIOStrategy.run0(ExecutorPerServerAddressIOStrategy.java:119)
	at org.mule.module.http.internal.listener.grizzly.ExecutorPerServerAddressIOStrategy.access$100(ExecutorPerServerAddressIOStrategy.java:31)
	at org.mule.module.http.internal.listener.grizzly.ExecutorPerServerAddressIOStrategy$WorkerThreadRunnable.run(ExecutorPerServerAddressIOStrategy.java:142)
	at java.util.concurrent.ThreadPoolExecutor.runWorker(Unknown Source)
	at java.util.concurrent.ThreadPoolExecutor$Worker.run(Unknown Source)
	at java.lang.Thread.run(Unknown Source)

********************************************************************************

2018-03-13 09:51:06,788 [main] INFO  org.mule.module.launcher.application.DefaultMuleApplication - 
++++++++++++++++++++++++++++++++++++++++++++++++++++++++++++
+ Initializing app 'crossoriginmule'                       +
++++++++++++++++++++++++++++++++++++++++++++++++++++++++++++
2018-03-13 09:51:06,939 [main] INFO  org.mule.lifecycle.AbstractLifecycleManager - Initialising RegistryBroker
2018-03-13 09:51:07,049 [main] INFO  org.mule.module.extension.internal.manager.DefaultExtensionManager - Starting discovery of extensions
2018-03-13 09:51:07,134 [main] INFO  org.mule.module.extension.internal.manager.DefaultExtensionManager - Discovered 1 extensions
2018-03-13 09:51:07,134 [main] INFO  org.mule.module.extension.internal.manager.DefaultExtensionManager - Registering extension validation (version 3.8)
2018-03-13 09:51:07,203 [main] INFO  org.mule.config.spring.MuleArtifactContext - Refreshing org.mule.config.spring.MuleArtifactContext@544630b7: startup date [Tue Mar 13 09:51:07 GMT 2018]; root of context hierarchy
2018-03-13 09:51:08,287 [main] INFO  org.mule.config.spring.processors.NoDevkitInjectorProcessor - JSR-330 'javax.inject.Inject' annotation found and supported for autowiring
2018-03-13 09:51:09,004 [main] WARN  org.mule.module.ognl.expression.OgnlExpressionEvaluator - OGNL module is deprecated and will be removed in Mule 4.0. Use MEL expressions instead.
2018-03-13 09:51:09,656 [main] INFO  org.mule.util.journal.TransactionJournal - Using files for tx logs C:\Users\Admin\AnypointStudio\workspace\.mule\.\.mule\crossoriginmule\queue-tx-log\tx1.log and C:\Users\Admin\AnypointStudio\workspace\.mule\.\.mule\crossoriginmule\queue-tx-log\tx2.log
2018-03-13 09:51:09,671 [main] INFO  org.mule.util.journal.TransactionJournal - Using files for tx logs C:\Users\Admin\AnypointStudio\workspace\.mule\.\.mule\crossoriginmule\queue-xa-tx-log\tx1.log and C:\Users\Admin\AnypointStudio\workspace\.mule\.\.mule\crossoriginmule\queue-xa-tx-log\tx2.log
2018-03-13 09:51:09,756 [main] INFO  org.mule.lifecycle.AbstractLifecycleManager - Initialising model: _muleSystemModel
2018-03-13 09:51:09,756 [main] INFO  org.mule.construct.FlowConstructLifecycleManager - Initialising flow: crossoriginmuleFlow
2018-03-13 09:51:09,756 [main] INFO  org.mule.exception.DefaultMessagingExceptionStrategy - Initialising exception listener: org.mule.exception.DefaultMessagingExceptionStrategy@7cfac39f
2018-03-13 09:51:09,787 [main] INFO  org.mule.processor.SedaStageLifecycleManager - Initialising service: crossoriginmuleFlow.stage1
2018-03-13 09:51:10,019 [main] INFO  org.mule.config.spring.SpringXmlConfigurationBuilder - Configured Mule using "org.mule.config.spring.SpringXmlConfigurationBuilder" with configuration resource(s): "[ConfigResource{resourceName='C:\Users\Admin\AnypointStudio\workspace\.mule\apps\crossoriginmule\crossoriginmule.xml'}]"
2018-03-13 09:51:10,019 [main] INFO  org.mule.config.builders.AutoConfigurationBuilder - Configured Mule using "org.mule.config.builders.AutoConfigurationBuilder" with configuration resource(s): "[ConfigResource{resourceName='C:\Users\Admin\AnypointStudio\workspace\.mule\apps\crossoriginmule\crossoriginmule.xml'}]"
2018-03-13 09:51:13,056 [main] INFO  org.mule.module.launcher.application.DefaultMuleApplication - 
++++++++++++++++++++++++++++++++++++++++++++++++++++++++++++
+ Starting app 'crossoriginmule'                           +
++++++++++++++++++++++++++++++++++++++++++++++++++++++++++++
2018-03-13 09:51:13,067 [main] INFO  org.mule.util.queue.QueueXaResourceManager - Starting ResourceManager
2018-03-13 09:51:13,067 [main] INFO  org.mule.util.queue.QueueXaResourceManager - Started ResourceManager
2018-03-13 09:51:13,114 [main] INFO  org.mule.module.http.internal.listener.DefaultHttpListenerConfig - Listening for requests on http://0.0.0.0:5001
2018-03-13 09:51:13,114 [main] INFO  org.mule.modules.oauth2.provider.agents.DefaultSplashScreenAgent - 
++++++++++++++++++++++++++++++++++++++++++++++++++++++++++++++++++++++++++++++++
+ DevKit Extensions (0) used in this application 
                             +
++++++++++++++++++++++++++++++++++++++++++++++++++++++++++++++++++++++++++++++++
2018-03-13 09:51:13,114 [main] INFO  org.mule.lifecycle.AbstractLifecycleManager - Starting model: _muleSystemModel
2018-03-13 09:51:13,114 [main] INFO  org.mule.construct.FlowConstructLifecycleManager - Starting flow: crossoriginmuleFlow
2018-03-13 09:51:13,114 [main] INFO  org.mule.processor.SedaStageLifecycleManager - Starting service: crossoriginmuleFlow.stage1
2018-03-13 09:51:13,334 [main] INFO  org.mule.module.management.agent.WrapperManagerAgent - This JVM hasn't been launched by the wrapper, the agent will not run.
2018-03-13 09:51:13,355 [main] INFO  org.mule.DefaultMuleContext - 
**********************************************************************
* Application: crossoriginmule                                       *
* OS encoding: \, Mule encoding: UTF-8                               *
*                                                                    *
* Agents Running:                                                    *
*   JMX Agent                                                        *
*   Batch module default engine                                      *
*   DevKit Extension Information                                     *
*   Wrapper Manager                                                  *
**********************************************************************
