2018-03-15 14:31:08,957 [main] INFO  org.mule.module.launcher.application.DefaultMuleApplication - 
++++++++++++++++++++++++++++++++++++++++++++++++++++++++++++
+ Initializing app 'image_receiver'                        +
++++++++++++++++++++++++++++++++++++++++++++++++++++++++++++
2018-03-15 14:31:09,075 [main] INFO  org.mule.lifecycle.AbstractLifecycleManager - Initialising RegistryBroker
2018-03-15 14:31:09,169 [main] INFO  org.mule.module.extension.internal.manager.DefaultExtensionManager - Starting discovery of extensions
2018-03-15 14:31:09,278 [main] INFO  org.mule.module.extension.internal.manager.DefaultExtensionManager - Discovered 1 extensions
2018-03-15 14:31:09,278 [main] INFO  org.mule.module.extension.internal.manager.DefaultExtensionManager - Registering extension validation (version 3.8)
2018-03-15 14:31:09,341 [main] INFO  org.mule.config.spring.MuleArtifactContext - Refreshing org.mule.config.spring.MuleArtifactContext@544630b7: startup date [Thu Mar 15 14:31:09 GMT 2018]; root of context hierarchy
2018-03-15 14:31:10,530 [main] INFO  org.mule.config.spring.processors.NoDevkitInjectorProcessor - JSR-330 'javax.inject.Inject' annotation found and supported for autowiring
2018-03-15 14:31:11,325 [main] WARN  org.mule.module.ognl.expression.OgnlExpressionEvaluator - OGNL module is deprecated and will be removed in Mule 4.0. Use MEL expressions instead.
2018-03-15 14:31:12,065 [main] INFO  org.mule.util.journal.TransactionJournal - Using files for tx logs C:\Users\Admin\AnypointStudio\workspace\.mule\.\.mule\image_receiver\queue-tx-log\tx1.log and C:\Users\Admin\AnypointStudio\workspace\.mule\.\.mule\image_receiver\queue-tx-log\tx2.log
2018-03-15 14:31:12,069 [main] INFO  org.mule.util.journal.TransactionJournal - Using files for tx logs C:\Users\Admin\AnypointStudio\workspace\.mule\.\.mule\image_receiver\queue-xa-tx-log\tx1.log and C:\Users\Admin\AnypointStudio\workspace\.mule\.\.mule\image_receiver\queue-xa-tx-log\tx2.log
2018-03-15 14:31:12,167 [main] INFO  org.mule.lifecycle.AbstractLifecycleManager - Initialising model: _muleSystemModel
2018-03-15 14:31:12,167 [main] INFO  org.mule.construct.FlowConstructLifecycleManager - Initialising flow: image_receiverFlow
2018-03-15 14:31:12,167 [main] INFO  org.mule.exception.DefaultMessagingExceptionStrategy - Initialising exception listener: org.mule.exception.DefaultMessagingExceptionStrategy@1f939a0f
2018-03-15 14:31:12,198 [main] INFO  org.mule.processor.SedaStageLifecycleManager - Initialising service: image_receiverFlow.stage1
2018-03-15 14:31:12,428 [main] INFO  org.mule.config.spring.SpringXmlConfigurationBuilder - Configured Mule using "org.mule.config.spring.SpringXmlConfigurationBuilder" with configuration resource(s): "[ConfigResource{resourceName='C:\Users\Admin\AnypointStudio\workspace\.mule\apps\image_receiver\image_receiver.xml'}]"
2018-03-15 14:31:12,428 [main] INFO  org.mule.config.builders.AutoConfigurationBuilder - Configured Mule using "org.mule.config.builders.AutoConfigurationBuilder" with configuration resource(s): "[ConfigResource{resourceName='C:\Users\Admin\AnypointStudio\workspace\.mule\apps\image_receiver\image_receiver.xml'}]"
2018-03-15 14:31:15,471 [main] INFO  org.mule.module.launcher.application.DefaultMuleApplication - 
++++++++++++++++++++++++++++++++++++++++++++++++++++++++++++
+ Starting app 'image_receiver'                            +
++++++++++++++++++++++++++++++++++++++++++++++++++++++++++++
2018-03-15 14:31:15,487 [main] INFO  org.mule.util.queue.QueueXaResourceManager - Starting ResourceManager
2018-03-15 14:31:15,487 [main] INFO  org.mule.util.queue.QueueXaResourceManager - Started ResourceManager
2018-03-15 14:31:15,518 [main] INFO  org.mule.module.http.internal.listener.DefaultHttpListenerConfig - Listening for requests on http://0.0.0.0:5000
2018-03-15 14:31:15,534 [main] INFO  org.mule.modules.oauth2.provider.agents.DefaultSplashScreenAgent - 
++++++++++++++++++++++++++++++++++++++++++++++++++++++++++++++++++++++++++++++++
+ DevKit Extensions (0) used in this application 
                             +
++++++++++++++++++++++++++++++++++++++++++++++++++++++++++++++++++++++++++++++++
2018-03-15 14:31:15,534 [main] INFO  org.mule.lifecycle.AbstractLifecycleManager - Starting model: _muleSystemModel
2018-03-15 14:31:15,534 [main] INFO  org.mule.construct.FlowConstructLifecycleManager - Starting flow: image_receiverFlow
2018-03-15 14:31:15,534 [main] INFO  org.mule.processor.SedaStageLifecycleManager - Starting service: image_receiverFlow.stage1
2018-03-15 14:31:15,565 [main] INFO  org.mule.module.management.agent.WrapperManagerAgent - This JVM hasn't been launched by the wrapper, the agent will not run.
2018-03-15 14:31:15,581 [main] INFO  org.mule.DefaultMuleContext - 
**********************************************************************
* Application: image_receiver                                        *
* OS encoding: \, Mule encoding: UTF-8                               *
*                                                                    *
* Agents Running:                                                    *
*   JMX Agent                                                        *
*   Batch module default engine                                      *
*   DevKit Extension Information                                     *
*   Wrapper Manager                                                  *
**********************************************************************
2018-03-15 14:31:27,847 [[image_receiver].Imagelistner5000.worker.01] INFO  org.mule.api.processor.LoggerMessageProcessor - null
2018-03-15 14:31:27,892 [[image_receiver].Imagelistner5000.worker.01] INFO  org.mule.module.http.internal.listener.HttpListenerRegistry - No listener found for request: (GET)/favicon.ico
2018-03-15 14:31:27,892 [[image_receiver].Imagelistner5000.worker.01] INFO  org.mule.module.http.internal.listener.HttpListenerRegistry - Available listeners are: [(*)/]
2018-03-15 14:32:05,741 [Mule.app.deployer.monitor.1.thread.1] INFO  org.mule.module.launcher.application.DefaultMuleApplication - 
++++++++++++++++++++++++++++++++++++++++++++++++++++++++++++
+ Stopping app 'image_receiver'                            +
++++++++++++++++++++++++++++++++++++++++++++++++++++++++++++
2018-03-15 14:32:05,741 [Mule.app.deployer.monitor.1.thread.1] INFO  org.mule.construct.FlowConstructLifecycleManager - Stopping flow: image_receiverFlow
2018-03-15 14:32:05,741 [Mule.app.deployer.monitor.1.thread.1] INFO  org.mule.processor.SedaStageLifecycleManager - Stopping service: image_receiverFlow.stage1
2018-03-15 14:32:05,788 [Mule.app.deployer.monitor.1.thread.1] INFO  org.mule.lifecycle.AbstractLifecycleManager - Stopping model: _muleSystemModel
2018-03-15 14:32:05,788 [Mule.app.deployer.monitor.1.thread.1] INFO  org.mule.module.http.internal.listener.DefaultHttpListenerConfig - Stopped listener on http://0.0.0.0:5000
2018-03-15 14:32:05,788 [Mule.app.deployer.monitor.1.thread.1] INFO  org.mule.util.queue.QueueXaResourceManager - Stopping ResourceManager
2018-03-15 14:32:05,788 [Mule.app.deployer.monitor.1.thread.1] INFO  org.mule.util.queue.QueueXaResourceManager - Stopped ResourceManager
2018-03-15 14:32:05,788 [Mule.app.deployer.monitor.1.thread.1] INFO  org.mule.module.launcher.application.DefaultMuleApplication - 
++++++++++++++++++++++++++++++++++++++++++++++++++++++++++++
+ Disposing app 'image_receiver'                           +
++++++++++++++++++++++++++++++++++++++++++++++++++++++++++++
2018-03-15 14:32:05,788 [Mule.app.deployer.monitor.1.thread.1] INFO  org.mule.lifecycle.AbstractLifecycleManager - Disposing RegistryBroker
2018-03-15 14:32:05,788 [Mule.app.deployer.monitor.1.thread.1] INFO  org.mule.construct.FlowConstructLifecycleManager - Disposing flow: image_receiverFlow
2018-03-15 14:32:05,788 [Mule.app.deployer.monitor.1.thread.1] INFO  org.mule.processor.SedaStageLifecycleManager - Disposing service: image_receiverFlow.stage1
2018-03-15 14:32:05,788 [Mule.app.deployer.monitor.1.thread.1] INFO  org.mule.lifecycle.AbstractLifecycleManager - Disposing model: _muleSystemModel
2018-03-15 14:32:05,898 [Mule.app.deployer.monitor.1.thread.1] INFO  org.mule.config.spring.MuleArtifactContext - Closing org.mule.config.spring.MuleArtifactContext@544630b7: startup date [Thu Mar 15 14:31:09 GMT 2018]; root of context hierarchy
2018-03-15 14:32:05,944 [Mule.app.deployer.monitor.1.thread.1] INFO  org.mule.DefaultMuleContext - 
**********************************************************************
* Application "image_receiver" shut down normally on: 15/03/18 14:32 *
* Up for: 0 days, 0 hours, 0 mins, 50.473 sec                        *
**********************************************************************
2018-03-15 14:32:06,038 [Mule.app.deployer.monitor.1.thread.1] INFO  org.mule.module.launcher.application.DefaultMuleApplication - 
++++++++++++++++++++++++++++++++++++++++++++++++++++++++++++
+ Initializing app 'image_receiver'                        +
++++++++++++++++++++++++++++++++++++++++++++++++++++++++++++
2018-03-15 14:32:06,038 [Mule.app.deployer.monitor.1.thread.1] WARN  com.mulesoft.module.client.APIPlatformClientCoreExtension - Client ID or Client Secret were not provided. API Manager client is DISABLED for app image_receiver
2018-03-15 14:32:06,038 [Mule.app.deployer.monitor.1.thread.1] INFO  org.mule.lifecycle.AbstractLifecycleManager - Initialising RegistryBroker
2018-03-15 14:32:06,054 [Mule.app.deployer.monitor.1.thread.1] INFO  org.mule.module.extension.internal.manager.DefaultExtensionManager - Starting discovery of extensions
2018-03-15 14:32:06,069 [Mule.app.deployer.monitor.1.thread.1] INFO  org.mule.module.extension.internal.manager.DefaultExtensionManager - Discovered 1 extensions
2018-03-15 14:32:06,069 [Mule.app.deployer.monitor.1.thread.1] INFO  org.mule.module.extension.internal.manager.DefaultExtensionManager - Registering extension validation (version 3.8)
2018-03-15 14:32:06,069 [Mule.app.deployer.monitor.1.thread.1] INFO  org.mule.config.spring.MuleArtifactContext - Refreshing org.mule.config.spring.MuleArtifactContext@56cada6: startup date [Thu Mar 15 14:32:06 GMT 2018]; root of context hierarchy
2018-03-15 14:32:06,245 [Mule.app.deployer.monitor.1.thread.1] INFO  org.mule.config.spring.processors.NoDevkitInjectorProcessor - JSR-330 'javax.inject.Inject' annotation found and supported for autowiring
2018-03-15 14:32:06,346 [Mule.app.deployer.monitor.1.thread.1] INFO  org.mule.util.journal.TransactionJournal - Using files for tx logs C:\Users\Admin\AnypointStudio\workspace\.mule\.\.mule\image_receiver\queue-tx-log\tx1.log and C:\Users\Admin\AnypointStudio\workspace\.mule\.\.mule\image_receiver\queue-tx-log\tx2.log
2018-03-15 14:32:06,346 [Mule.app.deployer.monitor.1.thread.1] INFO  org.mule.util.journal.TransactionJournal - Using files for tx logs C:\Users\Admin\AnypointStudio\workspace\.mule\.\.mule\image_receiver\queue-xa-tx-log\tx1.log and C:\Users\Admin\AnypointStudio\workspace\.mule\.\.mule\image_receiver\queue-xa-tx-log\tx2.log
2018-03-15 14:32:06,346 [Mule.app.deployer.monitor.1.thread.1] INFO  org.mule.lifecycle.AbstractLifecycleManager - Initialising model: _muleSystemModel
2018-03-15 14:32:06,361 [Mule.app.deployer.monitor.1.thread.1] INFO  org.mule.construct.FlowConstructLifecycleManager - Initialising flow: image_receiverFlow
2018-03-15 14:32:06,362 [Mule.app.deployer.monitor.1.thread.1] INFO  org.mule.exception.DefaultMessagingExceptionStrategy - Initialising exception listener: org.mule.exception.DefaultMessagingExceptionStrategy@51714af3
2018-03-15 14:32:06,366 [Mule.app.deployer.monitor.1.thread.1] INFO  org.mule.processor.SedaStageLifecycleManager - Initialising service: image_receiverFlow.stage1
2018-03-15 14:32:06,382 [Mule.app.deployer.monitor.1.thread.1] INFO  org.mule.config.spring.SpringXmlConfigurationBuilder - Configured Mule using "org.mule.config.spring.SpringXmlConfigurationBuilder" with configuration resource(s): "[ConfigResource{resourceName='C:\Users\Admin\AnypointStudio\workspace\.mule\apps\image_receiver\image_receiver.xml'}]"
2018-03-15 14:32:06,382 [Mule.app.deployer.monitor.1.thread.1] INFO  org.mule.config.builders.AutoConfigurationBuilder - Configured Mule using "org.mule.config.builders.AutoConfigurationBuilder" with configuration resource(s): "[ConfigResource{resourceName='C:\Users\Admin\AnypointStudio\workspace\.mule\apps\image_receiver\image_receiver.xml'}]"
2018-03-15 14:32:09,397 [Mule.app.deployer.monitor.1.thread.1] INFO  org.mule.module.launcher.application.DefaultMuleApplication - 
++++++++++++++++++++++++++++++++++++++++++++++++++++++++++++
+ Starting app 'image_receiver'                            +
++++++++++++++++++++++++++++++++++++++++++++++++++++++++++++
2018-03-15 14:32:09,403 [Mule.app.deployer.monitor.1.thread.1] INFO  org.mule.util.queue.QueueXaResourceManager - Starting ResourceManager
2018-03-15 14:32:09,403 [Mule.app.deployer.monitor.1.thread.1] INFO  org.mule.util.queue.QueueXaResourceManager - Started ResourceManager
2018-03-15 14:32:09,435 [Mule.app.deployer.monitor.1.thread.1] INFO  org.mule.module.http.internal.listener.DefaultHttpListenerConfig - Listening for requests on http://0.0.0.0:5000
2018-03-15 14:32:09,435 [Mule.app.deployer.monitor.1.thread.1] INFO  org.mule.modules.oauth2.provider.agents.DefaultSplashScreenAgent - 
++++++++++++++++++++++++++++++++++++++++++++++++++++++++++++++++++++++++++++++++
+ DevKit Extensions (0) used in this application 
                             +
++++++++++++++++++++++++++++++++++++++++++++++++++++++++++++++++++++++++++++++++
2018-03-15 14:32:09,435 [Mule.app.deployer.monitor.1.thread.1] INFO  org.mule.lifecycle.AbstractLifecycleManager - Starting model: _muleSystemModel
2018-03-15 14:32:09,435 [Mule.app.deployer.monitor.1.thread.1] INFO  org.mule.construct.FlowConstructLifecycleManager - Starting flow: image_receiverFlow
2018-03-15 14:32:09,435 [Mule.app.deployer.monitor.1.thread.1] INFO  org.mule.processor.SedaStageLifecycleManager - Starting service: image_receiverFlow.stage1
2018-03-15 14:32:09,455 [Mule.app.deployer.monitor.1.thread.1] INFO  org.mule.module.management.agent.WrapperManagerAgent - This JVM hasn't been launched by the wrapper, the agent will not run.
2018-03-15 14:32:09,458 [Mule.app.deployer.monitor.1.thread.1] INFO  org.mule.DefaultMuleContext - 
**********************************************************************
* Application: image_receiver                                        *
* OS encoding: \, Mule encoding: UTF-8                               *
*                                                                    *
* Agents Running:                                                    *
*   JMX Agent                                                        *
*   Batch module default engine                                      *
*   DevKit Extension Information                                     *
*   Wrapper Manager                                                  *
**********************************************************************
2018-03-15 14:32:21,499 [[image_receiver].Imagelistner5000.worker.01] INFO  org.mule.api.processor.LoggerMessageProcessor - payload = null
2018-03-15 14:32:21,511 [[image_receiver].Imagelistner5000.worker.01] INFO  org.mule.api.processor.LoggerMessageProcessor - message = 
org.mule.DefaultMuleMessage
{
  id=abd8ecb0-285d-11e8-a9ae-3464a9241850
  payload=org.mule.transport.NullPayload
  correlationId=<not set>
  correlationGroup=-1
  correlationSeq=-1
  encoding=UTF-8
  exceptionPayload=<not set>

Message properties:
  INVOCATION scoped properties:
  INBOUND scoped properties:
    accept=text/html,application/xhtml+xml,application/xml;q=0.9,*/*;q=0.8
    accept-encoding=gzip, deflate
    accept-language=en-GB,en;q=0.5
    connection=keep-alive
    content-length=0
    content-type=application/x-www-form-urlencoded
    host=localhost:5000
    http.listener.path=/
    http.method=POST
    http.query.params=ParameterMap{[]}
    http.query.string=
    http.relative.path=/
    http.remote.address=/127.0.0.1:56253
    http.request.path=/
    http.request.uri=/
    http.scheme=http
    http.uri.params=ParameterMap{[]}
    http.version=HTTP/1.1
    upgrade-insecure-requests=1
    user-agent=Mozilla/5.0 (Windows NT 10.0; Win64; x64; rv:58.0) Gecko/20100101 Firefox/58.0
  OUTBOUND scoped properties:
  SESSION scoped properties:
}
2018-03-15 14:40:30,878 [[image_receiver].Imagelistner5000.worker.01] INFO  org.mule.api.processor.LoggerMessageProcessor - payload = ParameterMap{[x=[109], y=[38]]}
2018-03-15 14:40:30,878 [[image_receiver].Imagelistner5000.worker.01] INFO  org.mule.api.processor.LoggerMessageProcessor - message = 
org.mule.DefaultMuleMessage
{
  id=cf8a3be0-285e-11e8-a9ae-3464a9241850
  payload=org.mule.module.http.internal.ParameterMap
  correlationId=<not set>
  correlationGroup=-1
  correlationSeq=-1
  encoding=windows-1252
  exceptionPayload=<not set>

Message properties:
  INVOCATION scoped properties:
  INBOUND scoped properties:
    accept=text/html,application/xhtml+xml,application/xml;q=0.9,*/*;q=0.8
    accept-encoding=gzip, deflate
    accept-language=en-GB,en;q=0.5
    connection=keep-alive
    content-length=10
    content-type=application/x-www-form-urlencoded
    host=localhost:5000
    http.listener.path=/
    http.method=POST
    http.query.params=ParameterMap{[]}
    http.query.string=
    http.relative.path=/
    http.remote.address=/127.0.0.1:56959
    http.request.path=/
    http.request.uri=/
    http.scheme=http
    http.uri.params=ParameterMap{[]}
    http.version=HTTP/1.1
    upgrade-insecure-requests=1
    user-agent=Mozilla/5.0 (Windows NT 10.0; Win64; x64; rv:58.0) Gecko/20100101 Firefox/58.0
  OUTBOUND scoped properties:
    MULE_ENCODING=windows-1252
  SESSION scoped properties:
}
2018-03-15 14:40:43,082 [[image_receiver].Imagelistner5000.worker.01] INFO  org.mule.api.processor.LoggerMessageProcessor - payload = ParameterMap{[myFile=[testImage.jpg]]}
2018-03-15 14:40:43,082 [[image_receiver].Imagelistner5000.worker.01] INFO  org.mule.api.processor.LoggerMessageProcessor - message = 
org.mule.DefaultMuleMessage
{
  id=d6d06aa0-285e-11e8-a9ae-3464a9241850
  payload=org.mule.module.http.internal.ParameterMap
  correlationId=<not set>
  correlationGroup=-1
  correlationSeq=-1
  encoding=windows-1252
  exceptionPayload=<not set>

Message properties:
  INVOCATION scoped properties:
  INBOUND scoped properties:
    accept=text/html,application/xhtml+xml,application/xml;q=0.9,*/*;q=0.8
    accept-encoding=gzip, deflate
    accept-language=en-GB,en;q=0.5
    connection=keep-alive
    content-length=20
    content-type=application/x-www-form-urlencoded
    host=localhost:5000
    http.listener.path=/
    http.method=POST
    http.query.params=ParameterMap{[]}
    http.query.string=
    http.relative.path=/
    http.remote.address=/127.0.0.1:56959
    http.request.path=/
    http.request.uri=/
    http.scheme=http
    http.uri.params=ParameterMap{[]}
    http.version=HTTP/1.1
    upgrade-insecure-requests=1
    user-agent=Mozilla/5.0 (Windows NT 10.0; Win64; x64; rv:58.0) Gecko/20100101 Firefox/58.0
  OUTBOUND scoped properties:
    MULE_ENCODING=windows-1252
  SESSION scoped properties:
}
2018-03-15 14:49:51,564 [Mule.app.deployer.monitor.1.thread.1] INFO  org.mule.module.launcher.application.DefaultMuleApplication - 
++++++++++++++++++++++++++++++++++++++++++++++++++++++++++++
+ Stopping app 'image_receiver'                            +
++++++++++++++++++++++++++++++++++++++++++++++++++++++++++++
2018-03-15 14:49:51,564 [Mule.app.deployer.monitor.1.thread.1] INFO  org.mule.construct.FlowConstructLifecycleManager - Stopping flow: image_receiverFlow
2018-03-15 14:49:51,564 [Mule.app.deployer.monitor.1.thread.1] INFO  org.mule.processor.SedaStageLifecycleManager - Stopping service: image_receiverFlow.stage1
2018-03-15 14:49:51,722 [Mule.app.deployer.monitor.1.thread.1] INFO  org.mule.lifecycle.AbstractLifecycleManager - Stopping model: _muleSystemModel
2018-03-15 14:49:51,722 [Mule.app.deployer.monitor.1.thread.1] INFO  org.mule.module.http.internal.listener.DefaultHttpListenerConfig - Stopped listener on http://0.0.0.0:5000
2018-03-15 14:49:51,722 [Mule.app.deployer.monitor.1.thread.1] INFO  org.mule.util.queue.QueueXaResourceManager - Stopping ResourceManager
2018-03-15 14:49:51,722 [Mule.app.deployer.monitor.1.thread.1] INFO  org.mule.util.queue.QueueXaResourceManager - Stopped ResourceManager
2018-03-15 14:49:51,738 [Mule.app.deployer.monitor.1.thread.1] INFO  org.mule.module.launcher.application.DefaultMuleApplication - 
++++++++++++++++++++++++++++++++++++++++++++++++++++++++++++
+ Disposing app 'image_receiver'                           +
++++++++++++++++++++++++++++++++++++++++++++++++++++++++++++
2018-03-15 14:49:51,738 [Mule.app.deployer.monitor.1.thread.1] INFO  org.mule.lifecycle.AbstractLifecycleManager - Disposing RegistryBroker
2018-03-15 14:49:51,738 [Mule.app.deployer.monitor.1.thread.1] INFO  org.mule.construct.FlowConstructLifecycleManager - Disposing flow: image_receiverFlow
2018-03-15 14:49:51,738 [Mule.app.deployer.monitor.1.thread.1] INFO  org.mule.processor.SedaStageLifecycleManager - Disposing service: image_receiverFlow.stage1
2018-03-15 14:49:51,738 [Mule.app.deployer.monitor.1.thread.1] INFO  org.mule.lifecycle.AbstractLifecycleManager - Disposing model: _muleSystemModel
2018-03-15 14:49:51,784 [Mule.app.deployer.monitor.1.thread.1] INFO  org.mule.config.spring.MuleArtifactContext - Closing org.mule.config.spring.MuleArtifactContext@56cada6: startup date [Thu Mar 15 14:32:06 GMT 2018]; root of context hierarchy
2018-03-15 14:49:51,988 [Mule.app.deployer.monitor.1.thread.1] INFO  org.mule.DefaultMuleContext - 
**********************************************************************
* Application "image_receiver" shut down normally on: 15/03/18 14:49 *
* Up for: 0 days, 0 hours, 17 mins, 42.591 sec                       *
**********************************************************************
2018-03-15 14:49:52,066 [Mule.app.deployer.monitor.1.thread.1] INFO  org.mule.module.launcher.application.DefaultMuleApplication - 
++++++++++++++++++++++++++++++++++++++++++++++++++++++++++++
+ Initializing app 'image_receiver'                        +
++++++++++++++++++++++++++++++++++++++++++++++++++++++++++++
2018-03-15 14:49:52,081 [Mule.app.deployer.monitor.1.thread.1] WARN  com.mulesoft.module.client.APIPlatformClientCoreExtension - Client ID or Client Secret were not provided. API Manager client is DISABLED for app image_receiver
2018-03-15 14:49:52,081 [Mule.app.deployer.monitor.1.thread.1] WARN  com.mulesoft.module.client.APIPlatformClientCoreExtension - Client ID or Client Secret were not provided. API Manager client is DISABLED for app image_receiver
2018-03-15 14:49:52,081 [Mule.app.deployer.monitor.1.thread.1] INFO  org.mule.lifecycle.AbstractLifecycleManager - Initialising RegistryBroker
2018-03-15 14:49:52,081 [Mule.app.deployer.monitor.1.thread.1] INFO  org.mule.module.extension.internal.manager.DefaultExtensionManager - Starting discovery of extensions
2018-03-15 14:49:52,097 [Mule.app.deployer.monitor.1.thread.1] INFO  org.mule.module.extension.internal.manager.DefaultExtensionManager - Discovered 1 extensions
2018-03-15 14:49:52,097 [Mule.app.deployer.monitor.1.thread.1] INFO  org.mule.module.extension.internal.manager.DefaultExtensionManager - Registering extension validation (version 3.8)
2018-03-15 14:49:52,097 [Mule.app.deployer.monitor.1.thread.1] INFO  org.mule.config.spring.MuleArtifactContext - Refreshing org.mule.config.spring.MuleArtifactContext@70b80189: startup date [Thu Mar 15 14:49:52 GMT 2018]; root of context hierarchy
2018-03-15 14:49:52,244 [Mule.app.deployer.monitor.1.thread.1] INFO  org.mule.lifecycle.AbstractLifecycleManager - Disposing RegistryBroker
2018-03-15 14:49:52,298 [Mule.app.deployer.monitor.1.thread.1] ERROR org.mule.module.launcher.application.DefaultMuleApplication - null
org.xml.sax.SAXParseException: cvc-complex-type.2.4.a: Invalid content was found starting with element 'dependency'. One of '{"http://www.springframework.org/schema/beans":beans, "http://www.springframework.org/schema/beans":bean, "http://www.springframework.org/schema/context":property-placeholder, "http://www.springframework.org/schema/beans":ref, "http://www.mulesoft.org/schema/mule/core":global-property, "http://www.mulesoft.org/schema/mule/core":configuration, "http://www.mulesoft.org/schema/mule/core":notifications, "http://www.mulesoft.org/schema/mule/core":abstract-extension, "http://www.mulesoft.org/schema/mule/core":abstract-shared-extension, "http://www.mulesoft.org/schema/mule/core":abstract-mixed-content-extension, "http://www.mulesoft.org/schema/mule/core":abstract-agent, "http://www.mulesoft.org/schema/mule/core":abstract-security-manager, "http://www.mulesoft.org/schema/mule/core":abstract-transaction-manager, "http://www.mulesoft.org/schema/mule/core":abstract-shared-transaction-manager, "http://www.mulesoft.org/schema/mule/core":abstract-connector, "http://www.mulesoft.org/schema/mule/core":abstract-shared-connector, "http://www.mulesoft.org/schema/mule/core":abstract-global-endpoint, "http://www.mulesoft.org/schema/mule/core":abstract-exception-strategy, "http://www.mulesoft.org/schema/mule/core":abstract-flow-construct, "http://www.mulesoft.org/schema/mule/core":flow, "http://www.mulesoft.org/schema/mule/core":sub-flow, "http://www.mulesoft.org/schema/mule/core":abstract-model, "http://www.mulesoft.org/schema/mule/core":abstract-interceptor-stack, "http://www.mulesoft.org/schema/mule/core":abstract-filter, "http://www.mulesoft.org/schema/mule/core":abstract-transformer, "http://www.mulesoft.org/schema/mule/core":processor-chain, "http://www.mulesoft.org/schema/mule/core":custom-processor, "http://www.mulesoft.org/schema/mule/core":abstract-empty-processor, "http://www.mulesoft.org/schema/mule/core":invoke, "http://www.mulesoft.org/schema/mule/core":set-payload, "http://www.mulesoft.org/schema/mule/core":abstract-global-intercepting-message-processor, "http://www.mulesoft.org/schema/mule/core":custom-queue-store, "http://www.mulesoft.org/schema/mule/core":abstract-processing-strategy}' is expected.
	at org.apache.xerces.util.ErrorHandlerWrapper.createSAXParseException(Unknown Source) ~[?:?]
	at org.apache.xerces.util.ErrorHandlerWrapper.error(Unknown Source) ~[?:?]
	at org.apache.xerces.impl.XMLErrorReporter.reportError(Unknown Source) ~[?:?]
	at org.apache.xerces.impl.XMLErrorReporter.reportError(Unknown Source) ~[?:?]
	at org.apache.xerces.impl.XMLErrorReporter.reportError(Unknown Source) ~[?:?]
	at org.apache.xerces.impl.xs.XMLSchemaValidator$XSIErrorReporter.reportError(Unknown Source) ~[?:?]
	at org.apache.xerces.impl.xs.XMLSchemaValidator.reportSchemaError(Unknown Source) ~[?:?]
	at org.apache.xerces.impl.xs.XMLSchemaValidator.handleStartElement(Unknown Source) ~[?:?]
	at org.apache.xerces.impl.xs.XMLSchemaValidator.startElement(Unknown Source) ~[?:?]
	at org.apache.xerces.impl.XMLNSDocumentScannerImpl.scanStartElement(Unknown Source) ~[?:?]
	at org.apache.xerces.impl.XMLDocumentFragmentScannerImpl$FragmentContentDispatcher.dispatch(Unknown Source) ~[?:?]
	at org.apache.xerces.impl.XMLDocumentFragmentScannerImpl.scanDocument(Unknown Source) ~[?:?]
	at org.apache.xerces.parsers.XML11Configuration.parse(Unknown Source) ~[?:?]
	at org.apache.xerces.parsers.XML11Configuration.parse(Unknown Source) ~[?:?]
	at org.apache.xerces.parsers.XMLParser.parse(Unknown Source) ~[?:?]
	at org.apache.xerces.parsers.DOMParser.parse(Unknown Source) ~[?:?]
	at org.apache.xerces.jaxp.DocumentBuilderImpl.parse(Unknown Source) ~[?:?]
	at org.springframework.beans.factory.xml.DefaultDocumentLoader.loadDocument(DefaultDocumentLoader.java:76) ~[spring-beans-4.1.9.RELEASE.jar:4.1.9.RELEASE]
	at org.mule.config.spring.MuleDocumentLoader.loadDocument(MuleDocumentLoader.java:91) ~[mule-module-spring-config-3.8.5.jar:3.8.5]
	at org.springframework.beans.factory.xml.XmlBeanDefinitionReader.doLoadDocument(XmlBeanDefinitionReader.java:429) ~[spring-beans-4.1.9.RELEASE.jar:4.1.9.RELEASE]
	at org.springframework.beans.factory.xml.XmlBeanDefinitionReader.doLoadBeanDefinitions(XmlBeanDefinitionReader.java:391) ~[spring-beans-4.1.9.RELEASE.jar:4.1.9.RELEASE]
	at org.springframework.beans.factory.xml.XmlBeanDefinitionReader.loadBeanDefinitions(XmlBeanDefinitionReader.java:336) ~[spring-beans-4.1.9.RELEASE.jar:4.1.9.RELEASE]
	at org.springframework.beans.factory.xml.XmlBeanDefinitionReader.loadBeanDefinitions(XmlBeanDefinitionReader.java:304) ~[spring-beans-4.1.9.RELEASE.jar:4.1.9.RELEASE]
	at org.springframework.beans.factory.support.AbstractBeanDefinitionReader.loadBeanDefinitions(AbstractBeanDefinitionReader.java:181) ~[spring-beans-4.1.9.RELEASE.jar:4.1.9.RELEASE]
	at org.mule.config.spring.MuleArtifactContext.loadBeanDefinitions(MuleArtifactContext.java:192) ~[mule-module-spring-config-3.8.5.jar:3.8.5]
	at org.springframework.context.support.AbstractRefreshableApplicationContext.refreshBeanFactory(AbstractRefreshableApplicationContext.java:129) ~[spring-context-4.1.9.RELEASE.jar:4.1.9.RELEASE]
	at org.springframework.context.support.AbstractApplicationContext.obtainFreshBeanFactory(AbstractApplicationContext.java:541) ~[spring-context-4.1.9.RELEASE.jar:4.1.9.RELEASE]
	at org.springframework.context.support.AbstractApplicationContext.refresh(AbstractApplicationContext.java:452) ~[spring-context-4.1.9.RELEASE.jar:4.1.9.RELEASE]
	at org.mule.config.spring.SpringRegistry.doInitialise(SpringRegistry.java:108) ~[mule-module-spring-config-3.8.5.jar:3.8.5]
	at org.mule.registry.AbstractRegistry.initialise(AbstractRegistry.java:104) ~[mule-core-3.8.5.jar:3.8.5]
	at org.mule.config.spring.SpringXmlConfigurationBuilder.createSpringRegistry(SpringXmlConfigurationBuilder.java:177) ~[mule-module-spring-config-3.8.5.jar:3.8.5]
	at org.mule.config.spring.SpringXmlConfigurationBuilder.doConfigure(SpringXmlConfigurationBuilder.java:100) ~[mule-module-spring-config-3.8.5.jar:3.8.5]
	at org.mule.config.builders.AbstractConfigurationBuilder.configure(AbstractConfigurationBuilder.java:43) ~[mule-core-3.8.5.jar:3.8.5]
	at org.mule.config.builders.AbstractResourceConfigurationBuilder.configure(AbstractResourceConfigurationBuilder.java:69) ~[mule-core-3.8.5.jar:3.8.5]
	at org.mule.config.builders.AutoConfigurationBuilder.autoConfigure(AutoConfigurationBuilder.java:102) ~[mule-core-3.8.5.jar:3.8.5]
	at org.mule.config.builders.AutoConfigurationBuilder.doConfigure(AutoConfigurationBuilder.java:54) ~[mule-core-3.8.5.jar:3.8.5]
	at org.mule.config.builders.AbstractConfigurationBuilder.configure(AbstractConfigurationBuilder.java:43) ~[mule-core-3.8.5.jar:3.8.5]
	at org.mule.config.builders.AbstractResourceConfigurationBuilder.configure(AbstractResourceConfigurationBuilder.java:69) ~[mule-core-3.8.5.jar:3.8.5]
	at org.mule.context.DefaultMuleContextFactory$1.configure(DefaultMuleContextFactory.java:89) ~[mule-core-3.8.5.jar:3.8.5]
	at org.mule.context.DefaultMuleContextFactory.doCreateMuleContext(DefaultMuleContextFactory.java:222) ~[mule-core-3.8.5.jar:3.8.5]
	at org.mule.context.DefaultMuleContextFactory.createMuleContext(DefaultMuleContextFactory.java:81) ~[mule-core-3.8.5.jar:3.8.5]
	at org.mule.module.launcher.application.DefaultMuleApplication.init(DefaultMuleApplication.java:203) ~[mule-module-launcher-3.8.5.jar:3.8.5]
	at org.mule.module.launcher.artifact.ArtifactWrapper$2.execute(ArtifactWrapper.java:63) ~[mule-module-launcher-3.8.5.jar:3.8.5]
	at org.mule.module.launcher.artifact.ArtifactWrapper.executeWithinArtifactClassLoader(ArtifactWrapper.java:136) ~[mule-module-launcher-3.8.5.jar:3.8.5]
	at org.mule.module.launcher.artifact.ArtifactWrapper.init(ArtifactWrapper.java:58) ~[mule-module-launcher-3.8.5.jar:3.8.5]
	at org.mule.module.launcher.DefaultArtifactDeployer.deploy(DefaultArtifactDeployer.java:25) ~[mule-module-launcher-3.8.5.jar:3.8.5]
	at org.mule.module.launcher.DefaultArchiveDeployer.redeploy(DefaultArchiveDeployer.java:470) ~[mule-module-launcher-3.8.5.jar:3.8.5]
	at org.mule.module.launcher.DeploymentDirectoryWatcher.redeployModifiedArtifacts(DeploymentDirectoryWatcher.java:562) ~[mule-module-launcher-3.8.5.jar:3.8.5]
	at org.mule.module.launcher.DeploymentDirectoryWatcher.redeployModifiedApplications(DeploymentDirectoryWatcher.java:539) ~[mule-module-launcher-3.8.5.jar:3.8.5]
	at org.mule.module.launcher.DeploymentDirectoryWatcher.run(DeploymentDirectoryWatcher.java:352) ~[mule-module-launcher-3.8.5.jar:3.8.5]
	at java.util.concurrent.Executors$RunnableAdapter.call(Unknown Source) ~[?:1.8.0_144]
	at java.util.concurrent.FutureTask.runAndReset(Unknown Source) ~[?:1.8.0_144]
	at java.util.concurrent.ScheduledThreadPoolExecutor$ScheduledFutureTask.access$301(Unknown Source) ~[?:1.8.0_144]
	at java.util.concurrent.ScheduledThreadPoolExecutor$ScheduledFutureTask.run(Unknown Source) ~[?:1.8.0_144]
	at java.util.concurrent.ThreadPoolExecutor.runWorker(Unknown Source) [?:1.8.0_144]
	at java.util.concurrent.ThreadPoolExecutor$Worker.run(Unknown Source) [?:1.8.0_144]
	at java.lang.Thread.run(Unknown Source) [?:1.8.0_144]
2018-03-15 14:49:52,298 [Mule.app.deployer.monitor.1.thread.1] INFO  org.mule.module.launcher.application.DefaultMuleApplication - App 'image_receiver' never started, nothing to dispose of
2018-03-15 14:50:02,398 [Mule.app.deployer.monitor.1.thread.1] INFO  org.mule.module.launcher.application.DefaultMuleApplication - 
++++++++++++++++++++++++++++++++++++++++++++++++++++++++++++
+ Initializing app 'image_receiver'                        +
++++++++++++++++++++++++++++++++++++++++++++++++++++++++++++
2018-03-15 14:50:02,413 [Mule.app.deployer.monitor.1.thread.1] WARN  com.mulesoft.module.client.APIPlatformClientCoreExtension - Client ID or Client Secret were not provided. API Manager client is DISABLED for app image_receiver
2018-03-15 14:50:02,413 [Mule.app.deployer.monitor.1.thread.1] WARN  com.mulesoft.module.client.APIPlatformClientCoreExtension - Client ID or Client Secret were not provided. API Manager client is DISABLED for app image_receiver
2018-03-15 14:50:02,413 [Mule.app.deployer.monitor.1.thread.1] WARN  com.mulesoft.module.client.APIPlatformClientCoreExtension - Client ID or Client Secret were not provided. API Manager client is DISABLED for app image_receiver
2018-03-15 14:50:02,413 [Mule.app.deployer.monitor.1.thread.1] INFO  org.mule.lifecycle.AbstractLifecycleManager - Initialising RegistryBroker
2018-03-15 14:50:02,413 [Mule.app.deployer.monitor.1.thread.1] INFO  org.mule.module.extension.internal.manager.DefaultExtensionManager - Starting discovery of extensions
2018-03-15 14:50:02,429 [Mule.app.deployer.monitor.1.thread.1] INFO  org.mule.module.extension.internal.manager.DefaultExtensionManager - Discovered 1 extensions
2018-03-15 14:50:02,429 [Mule.app.deployer.monitor.1.thread.1] INFO  org.mule.module.extension.internal.manager.DefaultExtensionManager - Registering extension validation (version 3.8)
2018-03-15 14:50:02,429 [Mule.app.deployer.monitor.1.thread.1] INFO  org.mule.config.spring.MuleArtifactContext - Refreshing org.mule.config.spring.MuleArtifactContext@3f6264cb: startup date [Thu Mar 15 14:50:02 GMT 2018]; root of context hierarchy
2018-03-15 14:50:02,608 [Mule.app.deployer.monitor.1.thread.1] INFO  org.mule.config.spring.processors.NoDevkitInjectorProcessor - JSR-330 'javax.inject.Inject' annotation found and supported for autowiring
2018-03-15 14:50:02,691 [Mule.app.deployer.monitor.1.thread.1] INFO  org.mule.util.journal.TransactionJournal - Using files for tx logs C:\Users\Admin\AnypointStudio\workspace\.mule\.\.mule\image_receiver\queue-tx-log\tx1.log and C:\Users\Admin\AnypointStudio\workspace\.mule\.\.mule\image_receiver\queue-tx-log\tx2.log
2018-03-15 14:50:02,691 [Mule.app.deployer.monitor.1.thread.1] INFO  org.mule.util.journal.TransactionJournal - Using files for tx logs C:\Users\Admin\AnypointStudio\workspace\.mule\.\.mule\image_receiver\queue-xa-tx-log\tx1.log and C:\Users\Admin\AnypointStudio\workspace\.mule\.\.mule\image_receiver\queue-xa-tx-log\tx2.log
2018-03-15 14:50:02,691 [Mule.app.deployer.monitor.1.thread.1] INFO  org.mule.lifecycle.AbstractLifecycleManager - Initialising model: _muleSystemModel
2018-03-15 14:50:02,691 [Mule.app.deployer.monitor.1.thread.1] INFO  org.mule.construct.FlowConstructLifecycleManager - Initialising flow: image_receiverFlow
2018-03-15 14:50:02,691 [Mule.app.deployer.monitor.1.thread.1] INFO  org.mule.exception.DefaultMessagingExceptionStrategy - Initialising exception listener: org.mule.exception.DefaultMessagingExceptionStrategy@22c35d52
2018-03-15 14:50:02,706 [Mule.app.deployer.monitor.1.thread.1] INFO  org.mule.processor.SedaStageLifecycleManager - Initialising service: image_receiverFlow.stage1
2018-03-15 14:50:02,722 [Mule.app.deployer.monitor.1.thread.1] INFO  org.mule.config.spring.SpringXmlConfigurationBuilder - Configured Mule using "org.mule.config.spring.SpringXmlConfigurationBuilder" with configuration resource(s): "[ConfigResource{resourceName='C:\Users\Admin\AnypointStudio\workspace\.mule\apps\image_receiver\image_receiver.xml'}]"
2018-03-15 14:50:02,722 [Mule.app.deployer.monitor.1.thread.1] INFO  org.mule.config.builders.AutoConfigurationBuilder - Configured Mule using "org.mule.config.builders.AutoConfigurationBuilder" with configuration resource(s): "[ConfigResource{resourceName='C:\Users\Admin\AnypointStudio\workspace\.mule\apps\image_receiver\image_receiver.xml'}]"
2018-03-15 14:50:05,738 [Mule.app.deployer.monitor.1.thread.1] INFO  org.mule.module.launcher.application.DefaultMuleApplication - 
++++++++++++++++++++++++++++++++++++++++++++++++++++++++++++
+ Starting app 'image_receiver'                            +
++++++++++++++++++++++++++++++++++++++++++++++++++++++++++++
2018-03-15 14:50:05,743 [Mule.app.deployer.monitor.1.thread.1] INFO  org.mule.util.queue.QueueXaResourceManager - Starting ResourceManager
2018-03-15 14:50:05,743 [Mule.app.deployer.monitor.1.thread.1] INFO  org.mule.util.queue.QueueXaResourceManager - Started ResourceManager
2018-03-15 14:50:05,759 [Mule.app.deployer.monitor.1.thread.1] INFO  org.mule.module.http.internal.listener.DefaultHttpListenerConfig - Listening for requests on http://0.0.0.0:5000
2018-03-15 14:50:05,775 [Mule.app.deployer.monitor.1.thread.1] INFO  org.mule.modules.oauth2.provider.agents.DefaultSplashScreenAgent - 
++++++++++++++++++++++++++++++++++++++++++++++++++++++++++++++++++++++++++++++++
+ DevKit Extensions (0) used in this application 
                             +
++++++++++++++++++++++++++++++++++++++++++++++++++++++++++++++++++++++++++++++++
2018-03-15 14:50:05,775 [Mule.app.deployer.monitor.1.thread.1] INFO  org.mule.lifecycle.AbstractLifecycleManager - Starting model: _muleSystemModel
2018-03-15 14:50:05,775 [Mule.app.deployer.monitor.1.thread.1] INFO  org.mule.construct.FlowConstructLifecycleManager - Starting flow: image_receiverFlow
2018-03-15 14:50:05,775 [Mule.app.deployer.monitor.1.thread.1] INFO  org.mule.processor.SedaStageLifecycleManager - Starting service: image_receiverFlow.stage1
2018-03-15 14:50:05,790 [Mule.app.deployer.monitor.1.thread.1] INFO  org.mule.module.management.agent.WrapperManagerAgent - This JVM hasn't been launched by the wrapper, the agent will not run.
2018-03-15 14:50:05,790 [Mule.app.deployer.monitor.1.thread.1] INFO  org.mule.DefaultMuleContext - 
**********************************************************************
* Application: image_receiver                                        *
* OS encoding: \, Mule encoding: UTF-8                               *
*                                                                    *
* Agents Running:                                                    *
*   JMX Agent                                                        *
*   Batch module default engine                                      *
*   DevKit Extension Information                                     *
*   Wrapper Manager                                                  *
**********************************************************************
2018-03-15 14:54:06,248 [Mule.app.deployer.monitor.1.thread.1] INFO  org.mule.module.launcher.application.DefaultMuleApplication - 
++++++++++++++++++++++++++++++++++++++++++++++++++++++++++++
+ Stopping app 'image_receiver'                            +
++++++++++++++++++++++++++++++++++++++++++++++++++++++++++++
2018-03-15 14:54:06,248 [Mule.app.deployer.monitor.1.thread.1] INFO  org.mule.construct.FlowConstructLifecycleManager - Stopping flow: image_receiverFlow
2018-03-15 14:54:06,248 [Mule.app.deployer.monitor.1.thread.1] INFO  org.mule.processor.SedaStageLifecycleManager - Stopping service: image_receiverFlow.stage1
2018-03-15 14:54:06,295 [Mule.app.deployer.monitor.1.thread.1] INFO  org.mule.lifecycle.AbstractLifecycleManager - Stopping model: _muleSystemModel
2018-03-15 14:54:06,295 [Mule.app.deployer.monitor.1.thread.1] INFO  org.mule.module.http.internal.listener.DefaultHttpListenerConfig - Stopped listener on http://0.0.0.0:5000
2018-03-15 14:54:06,295 [Mule.app.deployer.monitor.1.thread.1] INFO  org.mule.util.queue.QueueXaResourceManager - Stopping ResourceManager
2018-03-15 14:54:06,295 [Mule.app.deployer.monitor.1.thread.1] INFO  org.mule.util.queue.QueueXaResourceManager - Stopped ResourceManager
2018-03-15 14:54:06,295 [Mule.app.deployer.monitor.1.thread.1] INFO  org.mule.module.launcher.application.DefaultMuleApplication - 
++++++++++++++++++++++++++++++++++++++++++++++++++++++++++++
+ Disposing app 'image_receiver'                           +
++++++++++++++++++++++++++++++++++++++++++++++++++++++++++++
2018-03-15 14:54:06,295 [Mule.app.deployer.monitor.1.thread.1] INFO  org.mule.lifecycle.AbstractLifecycleManager - Disposing RegistryBroker
2018-03-15 14:54:06,295 [Mule.app.deployer.monitor.1.thread.1] INFO  org.mule.construct.FlowConstructLifecycleManager - Disposing flow: image_receiverFlow
2018-03-15 14:54:06,295 [Mule.app.deployer.monitor.1.thread.1] INFO  org.mule.processor.SedaStageLifecycleManager - Disposing service: image_receiverFlow.stage1
2018-03-15 14:54:06,295 [Mule.app.deployer.monitor.1.thread.1] INFO  org.mule.lifecycle.AbstractLifecycleManager - Disposing model: _muleSystemModel
2018-03-15 14:54:06,326 [Mule.app.deployer.monitor.1.thread.1] INFO  org.mule.config.spring.MuleArtifactContext - Closing org.mule.config.spring.MuleArtifactContext@3f6264cb: startup date [Thu Mar 15 14:50:02 GMT 2018]; root of context hierarchy
2018-03-15 14:54:06,530 [Mule.app.deployer.monitor.1.thread.1] INFO  org.mule.DefaultMuleContext - 
**********************************************************************
* Application "image_receiver" shut down normally on: 15/03/18 14:54 *
* Up for: 0 days, 0 hours, 4 mins, 0.792 sec                         *
**********************************************************************
2018-03-15 14:54:06,577 [Mule.app.deployer.monitor.1.thread.1] INFO  org.mule.module.launcher.application.DefaultMuleApplication - 
++++++++++++++++++++++++++++++++++++++++++++++++++++++++++++
+ Initializing app 'image_receiver'                        +
++++++++++++++++++++++++++++++++++++++++++++++++++++++++++++
2018-03-15 14:54:06,577 [Mule.app.deployer.monitor.1.thread.1] WARN  com.mulesoft.module.client.APIPlatformClientCoreExtension - Client ID or Client Secret were not provided. API Manager client is DISABLED for app image_receiver
2018-03-15 14:54:06,577 [Mule.app.deployer.monitor.1.thread.1] WARN  com.mulesoft.module.client.APIPlatformClientCoreExtension - Client ID or Client Secret were not provided. API Manager client is DISABLED for app image_receiver
2018-03-15 14:54:06,577 [Mule.app.deployer.monitor.1.thread.1] WARN  com.mulesoft.module.client.APIPlatformClientCoreExtension - Client ID or Client Secret were not provided. API Manager client is DISABLED for app image_receiver
2018-03-15 14:54:06,577 [Mule.app.deployer.monitor.1.thread.1] WARN  com.mulesoft.module.client.APIPlatformClientCoreExtension - Client ID or Client Secret were not provided. API Manager client is DISABLED for app image_receiver
2018-03-15 14:54:06,577 [Mule.app.deployer.monitor.1.thread.1] INFO  org.mule.lifecycle.AbstractLifecycleManager - Initialising RegistryBroker
2018-03-15 14:54:06,577 [Mule.app.deployer.monitor.1.thread.1] INFO  org.mule.module.extension.internal.manager.DefaultExtensionManager - Starting discovery of extensions
2018-03-15 14:54:06,592 [Mule.app.deployer.monitor.1.thread.1] INFO  org.mule.module.extension.internal.manager.DefaultExtensionManager - Discovered 1 extensions
2018-03-15 14:54:06,592 [Mule.app.deployer.monitor.1.thread.1] INFO  org.mule.module.extension.internal.manager.DefaultExtensionManager - Registering extension validation (version 3.8)
2018-03-15 14:54:06,592 [Mule.app.deployer.monitor.1.thread.1] INFO  org.mule.config.spring.MuleArtifactContext - Refreshing org.mule.config.spring.MuleArtifactContext@4e5d2e15: startup date [Thu Mar 15 14:54:06 GMT 2018]; root of context hierarchy
2018-03-15 14:54:06,754 [Mule.app.deployer.monitor.1.thread.1] INFO  org.mule.config.spring.processors.NoDevkitInjectorProcessor - JSR-330 'javax.inject.Inject' annotation found and supported for autowiring
2018-03-15 14:54:06,801 [Mule.app.deployer.monitor.1.thread.1] WARN  org.springframework.beans.GenericTypeAwarePropertyDescriptor - Invalid JavaBean property 'port' being accessed! Ambiguous write methods found next to actually used [public void org.mule.endpoint.URIBuilder.setPort(java.lang.String)]: [public void org.mule.endpoint.URIBuilder.setPort(int)]
2018-03-15 14:54:06,894 [Mule.app.deployer.monitor.1.thread.1] INFO  org.mule.util.journal.TransactionJournal - Using files for tx logs C:\Users\Admin\AnypointStudio\workspace\.mule\.\.mule\image_receiver\queue-tx-log\tx1.log and C:\Users\Admin\AnypointStudio\workspace\.mule\.\.mule\image_receiver\queue-tx-log\tx2.log
2018-03-15 14:54:06,894 [Mule.app.deployer.monitor.1.thread.1] INFO  org.mule.util.journal.TransactionJournal - Using files for tx logs C:\Users\Admin\AnypointStudio\workspace\.mule\.\.mule\image_receiver\queue-xa-tx-log\tx1.log and C:\Users\Admin\AnypointStudio\workspace\.mule\.\.mule\image_receiver\queue-xa-tx-log\tx2.log
2018-03-15 14:54:06,894 [Mule.app.deployer.monitor.1.thread.1] INFO  org.mule.lifecycle.AbstractLifecycleManager - Initialising connector: connector.ftp.mule.default
2018-03-15 14:54:06,926 [Mule.app.deployer.monitor.1.thread.1] INFO  org.mule.lifecycle.AbstractLifecycleManager - Initialising model: _muleSystemModel
2018-03-15 14:54:06,926 [Mule.app.deployer.monitor.1.thread.1] INFO  org.mule.construct.FlowConstructLifecycleManager - Initialising flow: image_receiverFlow
2018-03-15 14:54:06,926 [Mule.app.deployer.monitor.1.thread.1] INFO  org.mule.exception.DefaultMessagingExceptionStrategy - Initialising exception listener: org.mule.exception.DefaultMessagingExceptionStrategy@1bc185e2
2018-03-15 14:54:06,926 [Mule.app.deployer.monitor.1.thread.1] INFO  org.mule.processor.SedaStageLifecycleManager - Initialising service: image_receiverFlow.stage1
2018-03-15 14:54:06,941 [Mule.app.deployer.monitor.1.thread.1] INFO  org.mule.config.spring.SpringXmlConfigurationBuilder - Configured Mule using "org.mule.config.spring.SpringXmlConfigurationBuilder" with configuration resource(s): "[ConfigResource{resourceName='C:\Users\Admin\AnypointStudio\workspace\.mule\apps\image_receiver\image_receiver.xml'}]"
2018-03-15 14:54:06,941 [Mule.app.deployer.monitor.1.thread.1] INFO  org.mule.config.builders.AutoConfigurationBuilder - Configured Mule using "org.mule.config.builders.AutoConfigurationBuilder" with configuration resource(s): "[ConfigResource{resourceName='C:\Users\Admin\AnypointStudio\workspace\.mule\apps\image_receiver\image_receiver.xml'}]"
2018-03-15 14:54:09,941 [Mule.app.deployer.monitor.1.thread.1] INFO  org.mule.module.launcher.application.DefaultMuleApplication - 
++++++++++++++++++++++++++++++++++++++++++++++++++++++++++++
+ Starting app 'image_receiver'                            +
++++++++++++++++++++++++++++++++++++++++++++++++++++++++++++
2018-03-15 14:54:09,944 [Mule.app.deployer.monitor.1.thread.1] INFO  org.mule.util.queue.QueueXaResourceManager - Starting ResourceManager
2018-03-15 14:54:09,944 [Mule.app.deployer.monitor.1.thread.1] INFO  org.mule.util.queue.QueueXaResourceManager - Started ResourceManager
2018-03-15 14:54:09,945 [Mule.app.deployer.monitor.1.thread.1] INFO  org.mule.module.http.internal.listener.DefaultHttpListenerConfig - Listening for requests on http://0.0.0.0:5000
2018-03-15 14:54:09,945 [Mule.app.deployer.monitor.1.thread.1] INFO  com.mulesoft.mule.transport.ftp.EEFtpConnector - Connected: EEFtpConnector
{
  name=connector.ftp.mule.default
  lifecycle=initialise
  this=7f09d290
  numberOfConcurrentTransactedReceivers=4
  createMultipleTransactedReceivers=true
  connected=true
  supportedProtocols=[ftp]
  serviceOverrides=<none>
}

2018-03-15 14:54:09,945 [Mule.app.deployer.monitor.1.thread.1] INFO  com.mulesoft.mule.transport.ftp.EEFtpConnector - Starting: EEFtpConnector
{
  name=connector.ftp.mule.default
  lifecycle=initialise
  this=7f09d290
  numberOfConcurrentTransactedReceivers=4
  createMultipleTransactedReceivers=true
  connected=true
  supportedProtocols=[ftp]
  serviceOverrides=<none>
}

2018-03-15 14:54:09,945 [Mule.app.deployer.monitor.1.thread.1] INFO  org.mule.lifecycle.AbstractLifecycleManager - Starting connector: connector.ftp.mule.default
2018-03-15 14:54:09,945 [Mule.app.deployer.monitor.1.thread.1] INFO  org.mule.modules.oauth2.provider.agents.DefaultSplashScreenAgent - 
++++++++++++++++++++++++++++++++++++++++++++++++++++++++++++++++++++++++++++++++
+ DevKit Extensions (0) used in this application 
                             +
++++++++++++++++++++++++++++++++++++++++++++++++++++++++++++++++++++++++++++++++
2018-03-15 14:54:09,945 [Mule.app.deployer.monitor.1.thread.1] INFO  org.mule.lifecycle.AbstractLifecycleManager - Starting model: _muleSystemModel
2018-03-15 14:54:09,945 [Mule.app.deployer.monitor.1.thread.1] INFO  org.mule.construct.FlowConstructLifecycleManager - Starting flow: image_receiverFlow
2018-03-15 14:54:09,945 [Mule.app.deployer.monitor.1.thread.1] INFO  org.mule.processor.SedaStageLifecycleManager - Starting service: image_receiverFlow.stage1
2018-03-15 14:54:09,960 [Mule.app.deployer.monitor.1.thread.1] INFO  com.mulesoft.mule.transport.ftp.EEFtpConnector - Registering listener: image_receiverFlow on endpointUri: ftp://localhost:5000
2018-03-15 14:54:09,976 [Mule.app.deployer.monitor.1.thread.1] INFO  org.mule.lifecycle.AbstractLifecycleManager - Initialising: 'null'. Object is: EEFtpMessageReceiver
2018-03-15 14:54:09,976 [Mule.app.deployer.monitor.1.thread.1] INFO  com.mulesoft.mule.transport.ftp.EEFtpMessageReceiver - Connecting clusterizable message receiver
2018-03-15 14:54:09,976 [Mule.app.deployer.monitor.1.thread.1] INFO  org.mule.lifecycle.AbstractLifecycleManager - Starting: 'null'. Object is: EEFtpMessageReceiver
2018-03-15 14:54:09,976 [Mule.app.deployer.monitor.1.thread.1] INFO  com.mulesoft.mule.transport.ftp.EEFtpMessageReceiver - Starting clusterizable message receiver
2018-03-15 14:54:09,976 [Mule.app.deployer.monitor.1.thread.1] INFO  org.mule.module.management.agent.WrapperManagerAgent - This JVM hasn't been launched by the wrapper, the agent will not run.
2018-03-15 14:54:09,976 [Mule.app.deployer.monitor.1.thread.1] INFO  org.mule.module.management.agent.AbstractJmxAgent - Attempting to register service with name: Mule.image_receiver:type=Endpoint,service="image_receiverFlow",connector=connector.ftp.mule.default,name="endpoint.ftp.localhost.5000"
2018-03-15 14:54:09,976 [Mule.app.deployer.monitor.1.thread.1] INFO  org.mule.module.management.agent.AbstractJmxAgent - Registered Endpoint Service with name: Mule.image_receiver:type=Endpoint,service="image_receiverFlow",connector=connector.ftp.mule.default,name="endpoint.ftp.localhost.5000"
2018-03-15 14:54:09,976 [Mule.app.deployer.monitor.1.thread.1] INFO  org.mule.module.management.agent.AbstractJmxAgent - Registered Connector Service with name Mule.image_receiver:type=Connector,name="connector.ftp.mule.default"
2018-03-15 14:54:09,992 [Mule.app.deployer.monitor.1.thread.1] INFO  org.mule.DefaultMuleContext - 
**********************************************************************
* Application: image_receiver                                        *
* OS encoding: \, Mule encoding: UTF-8                               *
*                                                                    *
* Agents Running:                                                    *
*   JMX Agent                                                        *
*   Batch module default engine                                      *
*   DevKit Extension Information                                     *
*   Wrapper Manager                                                  *
**********************************************************************
2018-03-15 14:54:19,892 [main] INFO  org.mule.module.launcher.application.DefaultMuleApplication - 
++++++++++++++++++++++++++++++++++++++++++++++++++++++++++++
+ Initializing app 'image_receiver'                        +
++++++++++++++++++++++++++++++++++++++++++++++++++++++++++++
2018-03-15 14:54:20,029 [main] INFO  org.mule.lifecycle.AbstractLifecycleManager - Initialising RegistryBroker
2018-03-15 14:54:20,139 [main] INFO  org.mule.module.extension.internal.manager.DefaultExtensionManager - Starting discovery of extensions
2018-03-15 14:54:20,244 [main] INFO  org.mule.module.extension.internal.manager.DefaultExtensionManager - Discovered 1 extensions
2018-03-15 14:54:20,244 [main] INFO  org.mule.module.extension.internal.manager.DefaultExtensionManager - Registering extension validation (version 3.8)
2018-03-15 14:54:20,300 [main] INFO  org.mule.config.spring.MuleArtifactContext - Refreshing org.mule.config.spring.MuleArtifactContext@544630b7: startup date [Thu Mar 15 14:54:20 GMT 2018]; root of context hierarchy
2018-03-15 14:54:21,463 [main] INFO  org.mule.config.spring.processors.NoDevkitInjectorProcessor - JSR-330 'javax.inject.Inject' annotation found and supported for autowiring
2018-03-15 14:54:21,940 [main] WARN  org.springframework.beans.GenericTypeAwarePropertyDescriptor - Invalid JavaBean property 'port' being accessed! Ambiguous write methods found next to actually used [public void org.mule.endpoint.URIBuilder.setPort(java.lang.String)]: [public void org.mule.endpoint.URIBuilder.setPort(int)]
2018-03-15 14:54:22,263 [main] WARN  org.mule.module.ognl.expression.OgnlExpressionEvaluator - OGNL module is deprecated and will be removed in Mule 4.0. Use MEL expressions instead.
2018-03-15 14:54:22,911 [main] INFO  org.mule.util.journal.TransactionJournal - Using files for tx logs C:\Users\Admin\AnypointStudio\workspace\.mule\.\.mule\image_receiver\queue-tx-log\tx1.log and C:\Users\Admin\AnypointStudio\workspace\.mule\.\.mule\image_receiver\queue-tx-log\tx2.log
2018-03-15 14:54:22,921 [main] INFO  org.mule.util.journal.TransactionJournal - Using files for tx logs C:\Users\Admin\AnypointStudio\workspace\.mule\.\.mule\image_receiver\queue-xa-tx-log\tx1.log and C:\Users\Admin\AnypointStudio\workspace\.mule\.\.mule\image_receiver\queue-xa-tx-log\tx2.log
2018-03-15 14:54:22,921 [main] INFO  org.mule.lifecycle.AbstractLifecycleManager - Initialising connector: connector.ftp.mule.default
2018-03-15 14:54:23,031 [main] INFO  org.mule.lifecycle.AbstractLifecycleManager - Initialising model: _muleSystemModel
2018-03-15 14:54:23,046 [main] INFO  org.mule.construct.FlowConstructLifecycleManager - Initialising flow: image_receiverFlow
2018-03-15 14:54:23,046 [main] INFO  org.mule.exception.DefaultMessagingExceptionStrategy - Initialising exception listener: org.mule.exception.DefaultMessagingExceptionStrategy@4087c7fc
2018-03-15 14:54:23,062 [main] INFO  org.mule.processor.SedaStageLifecycleManager - Initialising service: image_receiverFlow.stage1
2018-03-15 14:54:23,298 [main] INFO  org.mule.config.spring.SpringXmlConfigurationBuilder - Configured Mule using "org.mule.config.spring.SpringXmlConfigurationBuilder" with configuration resource(s): "[ConfigResource{resourceName='C:\Users\Admin\AnypointStudio\workspace\.mule\apps\image_receiver\image_receiver.xml'}]"
2018-03-15 14:54:23,298 [main] INFO  org.mule.config.builders.AutoConfigurationBuilder - Configured Mule using "org.mule.config.builders.AutoConfigurationBuilder" with configuration resource(s): "[ConfigResource{resourceName='C:\Users\Admin\AnypointStudio\workspace\.mule\apps\image_receiver\image_receiver.xml'}]"
2018-03-15 14:54:26,315 [main] INFO  org.mule.module.launcher.application.DefaultMuleApplication - 
++++++++++++++++++++++++++++++++++++++++++++++++++++++++++++
+ Starting app 'image_receiver'                            +
++++++++++++++++++++++++++++++++++++++++++++++++++++++++++++
2018-03-15 14:54:26,324 [main] INFO  org.mule.util.queue.QueueXaResourceManager - Starting ResourceManager
2018-03-15 14:54:26,324 [main] INFO  org.mule.util.queue.QueueXaResourceManager - Started ResourceManager
2018-03-15 14:54:26,367 [main] INFO  org.mule.module.http.internal.listener.DefaultHttpListenerConfig - Listening for requests on http://0.0.0.0:5000
2018-03-15 14:54:26,367 [main] INFO  com.mulesoft.mule.transport.ftp.EEFtpConnector - Connected: EEFtpConnector
{
  name=connector.ftp.mule.default
  lifecycle=initialise
  this=3f96f020
  numberOfConcurrentTransactedReceivers=4
  createMultipleTransactedReceivers=true
  connected=true
  supportedProtocols=[ftp]
  serviceOverrides=<none>
}

2018-03-15 14:54:26,367 [main] INFO  com.mulesoft.mule.transport.ftp.EEFtpConnector - Starting: EEFtpConnector
{
  name=connector.ftp.mule.default
  lifecycle=initialise
  this=3f96f020
  numberOfConcurrentTransactedReceivers=4
  createMultipleTransactedReceivers=true
  connected=true
  supportedProtocols=[ftp]
  serviceOverrides=<none>
}

2018-03-15 14:54:26,367 [main] INFO  org.mule.lifecycle.AbstractLifecycleManager - Starting connector: connector.ftp.mule.default
2018-03-15 14:54:26,383 [main] INFO  org.mule.modules.oauth2.provider.agents.DefaultSplashScreenAgent - 
++++++++++++++++++++++++++++++++++++++++++++++++++++++++++++++++++++++++++++++++
+ DevKit Extensions (0) used in this application 
                             +
++++++++++++++++++++++++++++++++++++++++++++++++++++++++++++++++++++++++++++++++
2018-03-15 14:54:26,383 [main] INFO  org.mule.lifecycle.AbstractLifecycleManager - Starting model: _muleSystemModel
2018-03-15 14:54:26,383 [main] INFO  org.mule.construct.FlowConstructLifecycleManager - Starting flow: image_receiverFlow
2018-03-15 14:54:26,383 [main] INFO  org.mule.processor.SedaStageLifecycleManager - Starting service: image_receiverFlow.stage1
2018-03-15 14:54:26,398 [main] INFO  com.mulesoft.mule.transport.ftp.EEFtpConnector - Registering listener: image_receiverFlow on endpointUri: ftp://localhost:5000
2018-03-15 14:54:26,414 [main] INFO  org.mule.lifecycle.AbstractLifecycleManager - Initialising: 'null'. Object is: EEFtpMessageReceiver
2018-03-15 14:54:26,414 [main] INFO  com.mulesoft.mule.transport.ftp.EEFtpMessageReceiver - Connecting clusterizable message receiver
2018-03-15 14:54:26,414 [main] INFO  org.mule.lifecycle.AbstractLifecycleManager - Starting: 'null'. Object is: EEFtpMessageReceiver
2018-03-15 14:54:26,414 [main] INFO  com.mulesoft.mule.transport.ftp.EEFtpMessageReceiver - Starting clusterizable message receiver
2018-03-15 14:54:26,430 [main] INFO  org.mule.module.management.agent.WrapperManagerAgent - This JVM hasn't been launched by the wrapper, the agent will not run.
2018-03-15 14:54:26,448 [main] INFO  org.mule.module.management.agent.AbstractJmxAgent - Attempting to register service with name: Mule.image_receiver:type=Endpoint,service="image_receiverFlow",connector=connector.ftp.mule.default,name="endpoint.ftp.localhost.5000"
2018-03-15 14:54:26,449 [main] INFO  org.mule.module.management.agent.AbstractJmxAgent - Registered Endpoint Service with name: Mule.image_receiver:type=Endpoint,service="image_receiverFlow",connector=connector.ftp.mule.default,name="endpoint.ftp.localhost.5000"
2018-03-15 14:54:26,450 [main] INFO  org.mule.module.management.agent.AbstractJmxAgent - Registered Connector Service with name Mule.image_receiver:type=Connector,name="connector.ftp.mule.default"
2018-03-15 14:54:26,452 [main] INFO  org.mule.DefaultMuleContext - 
**********************************************************************
* Application: image_receiver                                        *
* OS encoding: \, Mule encoding: UTF-8                               *
*                                                                    *
* Agents Running:                                                    *
*   JMX Agent                                                        *
*   Batch module default engine                                      *
*   DevKit Extension Information                                     *
*   Wrapper Manager                                                  *
**********************************************************************
2018-03-15 14:55:35,170 [main] INFO  org.mule.module.launcher.application.DefaultMuleApplication - 
++++++++++++++++++++++++++++++++++++++++++++++++++++++++++++
+ Initializing app 'image_receiver'                        +
++++++++++++++++++++++++++++++++++++++++++++++++++++++++++++
2018-03-15 14:55:35,287 [main] INFO  org.mule.lifecycle.AbstractLifecycleManager - Initialising RegistryBroker
2018-03-15 14:55:35,397 [main] INFO  org.mule.module.extension.internal.manager.DefaultExtensionManager - Starting discovery of extensions
2018-03-15 14:55:35,499 [main] INFO  org.mule.module.extension.internal.manager.DefaultExtensionManager - Discovered 1 extensions
2018-03-15 14:55:35,499 [main] INFO  org.mule.module.extension.internal.manager.DefaultExtensionManager - Registering extension validation (version 3.8)
2018-03-15 14:55:35,561 [main] INFO  org.mule.config.spring.MuleArtifactContext - Refreshing org.mule.config.spring.MuleArtifactContext@544630b7: startup date [Thu Mar 15 14:55:35 GMT 2018]; root of context hierarchy
2018-03-15 14:55:36,675 [main] INFO  org.mule.config.spring.processors.NoDevkitInjectorProcessor - JSR-330 'javax.inject.Inject' annotation found and supported for autowiring
2018-03-15 14:55:37,159 [main] WARN  org.springframework.beans.GenericTypeAwarePropertyDescriptor - Invalid JavaBean property 'port' being accessed! Ambiguous write methods found next to actually used [public void org.mule.endpoint.URIBuilder.setPort(java.lang.String)]: [public void org.mule.endpoint.URIBuilder.setPort(int)]
2018-03-15 14:55:37,468 [main] WARN  org.mule.module.ognl.expression.OgnlExpressionEvaluator - OGNL module is deprecated and will be removed in Mule 4.0. Use MEL expressions instead.
2018-03-15 14:55:38,079 [main] INFO  org.mule.util.journal.TransactionJournal - Using files for tx logs C:\Users\Admin\AnypointStudio\workspace\.mule\.\.mule\image_receiver\queue-tx-log\tx1.log and C:\Users\Admin\AnypointStudio\workspace\.mule\.\.mule\image_receiver\queue-tx-log\tx2.log
2018-03-15 14:55:38,095 [main] INFO  org.mule.util.journal.TransactionJournal - Using files for tx logs C:\Users\Admin\AnypointStudio\workspace\.mule\.\.mule\image_receiver\queue-xa-tx-log\tx1.log and C:\Users\Admin\AnypointStudio\workspace\.mule\.\.mule\image_receiver\queue-xa-tx-log\tx2.log
2018-03-15 14:55:38,111 [main] INFO  org.mule.lifecycle.AbstractLifecycleManager - Initialising connector: connector.ftp.mule.default
2018-03-15 14:55:38,228 [main] INFO  org.mule.lifecycle.AbstractLifecycleManager - Initialising model: _muleSystemModel
2018-03-15 14:55:38,228 [main] INFO  org.mule.construct.FlowConstructLifecycleManager - Initialising flow: image_receiverFlow
2018-03-15 14:55:38,228 [main] INFO  org.mule.exception.DefaultMessagingExceptionStrategy - Initialising exception listener: org.mule.exception.DefaultMessagingExceptionStrategy@4087c7fc
2018-03-15 14:55:38,264 [main] INFO  org.mule.processor.SedaStageLifecycleManager - Initialising service: image_receiverFlow.stage1
2018-03-15 14:55:38,514 [main] INFO  org.mule.config.spring.SpringXmlConfigurationBuilder - Configured Mule using "org.mule.config.spring.SpringXmlConfigurationBuilder" with configuration resource(s): "[ConfigResource{resourceName='C:\Users\Admin\AnypointStudio\workspace\.mule\apps\image_receiver\image_receiver.xml'}]"
2018-03-15 14:55:38,514 [main] INFO  org.mule.config.builders.AutoConfigurationBuilder - Configured Mule using "org.mule.config.builders.AutoConfigurationBuilder" with configuration resource(s): "[ConfigResource{resourceName='C:\Users\Admin\AnypointStudio\workspace\.mule\apps\image_receiver\image_receiver.xml'}]"
2018-03-15 14:55:41,530 [main] INFO  org.mule.module.launcher.application.DefaultMuleApplication - 
++++++++++++++++++++++++++++++++++++++++++++++++++++++++++++
+ Starting app 'image_receiver'                            +
++++++++++++++++++++++++++++++++++++++++++++++++++++++++++++
2018-03-15 14:55:41,539 [main] INFO  org.mule.util.queue.QueueXaResourceManager - Starting ResourceManager
2018-03-15 14:55:41,539 [main] INFO  org.mule.util.queue.QueueXaResourceManager - Started ResourceManager
2018-03-15 14:55:41,586 [main] INFO  org.mule.module.http.internal.listener.DefaultHttpListenerConfig - Listening for requests on http://0.0.0.0:5000
2018-03-15 14:55:41,586 [main] INFO  com.mulesoft.mule.transport.ftp.EEFtpConnector - Connected: EEFtpConnector
{
  name=connector.ftp.mule.default
  lifecycle=initialise
  this=3f96f020
  numberOfConcurrentTransactedReceivers=4
  createMultipleTransactedReceivers=true
  connected=true
  supportedProtocols=[ftp]
  serviceOverrides=<none>
}

2018-03-15 14:55:41,586 [main] INFO  com.mulesoft.mule.transport.ftp.EEFtpConnector - Starting: EEFtpConnector
{
  name=connector.ftp.mule.default
  lifecycle=initialise
  this=3f96f020
  numberOfConcurrentTransactedReceivers=4
  createMultipleTransactedReceivers=true
  connected=true
  supportedProtocols=[ftp]
  serviceOverrides=<none>
}

2018-03-15 14:55:41,586 [main] INFO  org.mule.lifecycle.AbstractLifecycleManager - Starting connector: connector.ftp.mule.default
2018-03-15 14:55:41,601 [main] INFO  org.mule.modules.oauth2.provider.agents.DefaultSplashScreenAgent - 
++++++++++++++++++++++++++++++++++++++++++++++++++++++++++++++++++++++++++++++++
+ DevKit Extensions (0) used in this application 
                             +
++++++++++++++++++++++++++++++++++++++++++++++++++++++++++++++++++++++++++++++++
2018-03-15 14:55:41,601 [main] INFO  org.mule.lifecycle.AbstractLifecycleManager - Starting model: _muleSystemModel
2018-03-15 14:55:41,601 [main] INFO  org.mule.construct.FlowConstructLifecycleManager - Starting flow: image_receiverFlow
2018-03-15 14:55:41,601 [main] INFO  org.mule.processor.SedaStageLifecycleManager - Starting service: image_receiverFlow.stage1
2018-03-15 14:55:41,629 [main] INFO  com.mulesoft.mule.transport.ftp.EEFtpConnector - Registering listener: image_receiverFlow on endpointUri: ftp://localhost:5000
2018-03-15 14:55:41,645 [main] INFO  org.mule.lifecycle.AbstractLifecycleManager - Initialising: 'null'. Object is: EEFtpMessageReceiver
2018-03-15 14:55:41,645 [main] INFO  com.mulesoft.mule.transport.ftp.EEFtpMessageReceiver - Connecting clusterizable message receiver
2018-03-15 14:55:41,645 [main] INFO  org.mule.lifecycle.AbstractLifecycleManager - Starting: 'null'. Object is: EEFtpMessageReceiver
2018-03-15 14:55:41,645 [main] INFO  com.mulesoft.mule.transport.ftp.EEFtpMessageReceiver - Starting clusterizable message receiver
2018-03-15 14:55:41,661 [main] INFO  org.mule.module.management.agent.WrapperManagerAgent - This JVM hasn't been launched by the wrapper, the agent will not run.
2018-03-15 14:55:41,676 [main] INFO  org.mule.module.management.agent.AbstractJmxAgent - Attempting to register service with name: Mule.image_receiver:type=Endpoint,service="image_receiverFlow",connector=connector.ftp.mule.default,name="endpoint.ftp.localhost.5000"
2018-03-15 14:55:41,676 [main] INFO  org.mule.module.management.agent.AbstractJmxAgent - Registered Endpoint Service with name: Mule.image_receiver:type=Endpoint,service="image_receiverFlow",connector=connector.ftp.mule.default,name="endpoint.ftp.localhost.5000"
2018-03-15 14:55:41,676 [main] INFO  org.mule.module.management.agent.AbstractJmxAgent - Registered Connector Service with name Mule.image_receiver:type=Connector,name="connector.ftp.mule.default"
2018-03-15 14:55:41,676 [main] INFO  org.mule.DefaultMuleContext - 
**********************************************************************
* Application: image_receiver                                        *
* OS encoding: \, Mule encoding: UTF-8                               *
*                                                                    *
* Agents Running:                                                    *
*   JMX Agent                                                        *
*   Batch module default engine                                      *
*   DevKit Extension Information                                     *
*   Wrapper Manager                                                  *
**********************************************************************
2018-03-16 12:45:00,668 [main] INFO  org.mule.module.launcher.application.DefaultMuleApplication - 
++++++++++++++++++++++++++++++++++++++++++++++++++++++++++++
+ Initializing app 'image_receiver'                        +
++++++++++++++++++++++++++++++++++++++++++++++++++++++++++++
2018-03-16 12:45:00,835 [main] INFO  org.mule.lifecycle.AbstractLifecycleManager - Initialising RegistryBroker
2018-03-16 12:45:00,941 [main] INFO  org.mule.module.extension.internal.manager.DefaultExtensionManager - Starting discovery of extensions
2018-03-16 12:45:01,050 [main] INFO  org.mule.module.extension.internal.manager.DefaultExtensionManager - Discovered 1 extensions
2018-03-16 12:45:01,050 [main] INFO  org.mule.module.extension.internal.manager.DefaultExtensionManager - Registering extension validation (version 3.8)
2018-03-16 12:45:01,119 [main] INFO  org.mule.config.spring.MuleArtifactContext - Refreshing org.mule.config.spring.MuleArtifactContext@544630b7: startup date [Fri Mar 16 12:45:01 GMT 2018]; root of context hierarchy
2018-03-16 12:45:02,558 [main] INFO  org.mule.config.spring.processors.NoDevkitInjectorProcessor - JSR-330 'javax.inject.Inject' annotation found and supported for autowiring
2018-03-16 12:45:03,014 [main] WARN  org.springframework.beans.GenericTypeAwarePropertyDescriptor - Invalid JavaBean property 'port' being accessed! Ambiguous write methods found next to actually used [public void org.mule.endpoint.URIBuilder.setPort(java.lang.String)]: [public void org.mule.endpoint.URIBuilder.setPort(int)]
2018-03-16 12:45:03,379 [main] WARN  org.mule.module.ognl.expression.OgnlExpressionEvaluator - OGNL module is deprecated and will be removed in Mule 4.0. Use MEL expressions instead.
2018-03-16 12:45:04,087 [main] INFO  org.mule.util.journal.TransactionJournal - Using files for tx logs C:\Users\Admin\AnypointStudio\workspace\.mule\.\.mule\image_receiver\queue-tx-log\tx1.log and C:\Users\Admin\AnypointStudio\workspace\.mule\.\.mule\image_receiver\queue-tx-log\tx2.log
2018-03-16 12:45:04,103 [main] INFO  org.mule.util.journal.TransactionJournal - Using files for tx logs C:\Users\Admin\AnypointStudio\workspace\.mule\.\.mule\image_receiver\queue-xa-tx-log\tx1.log and C:\Users\Admin\AnypointStudio\workspace\.mule\.\.mule\image_receiver\queue-xa-tx-log\tx2.log
2018-03-16 12:45:04,108 [main] INFO  org.mule.lifecycle.AbstractLifecycleManager - Initialising connector: connector.ftp.mule.default
2018-03-16 12:45:04,472 [main] INFO  org.mule.lifecycle.AbstractLifecycleManager - Initialising model: _muleSystemModel
2018-03-16 12:45:04,476 [main] INFO  org.mule.construct.FlowConstructLifecycleManager - Initialising flow: image_receiverFlow
2018-03-16 12:45:04,476 [main] INFO  org.mule.exception.DefaultMessagingExceptionStrategy - Initialising exception listener: org.mule.exception.DefaultMessagingExceptionStrategy@4cfa83f9
2018-03-16 12:45:04,499 [main] INFO  org.mule.processor.SedaStageLifecycleManager - Initialising service: image_receiverFlow.stage1
2018-03-16 12:45:04,742 [main] INFO  org.mule.config.spring.SpringXmlConfigurationBuilder - Configured Mule using "org.mule.config.spring.SpringXmlConfigurationBuilder" with configuration resource(s): "[ConfigResource{resourceName='C:\Users\Admin\AnypointStudio\workspace\.mule\apps\image_receiver\image_receiver.xml'}]"
2018-03-16 12:45:04,742 [main] INFO  org.mule.config.builders.AutoConfigurationBuilder - Configured Mule using "org.mule.config.builders.AutoConfigurationBuilder" with configuration resource(s): "[ConfigResource{resourceName='C:\Users\Admin\AnypointStudio\workspace\.mule\apps\image_receiver\image_receiver.xml'}]"
2018-03-16 12:45:07,773 [main] INFO  org.mule.module.launcher.application.DefaultMuleApplication - 
++++++++++++++++++++++++++++++++++++++++++++++++++++++++++++
+ Starting app 'image_receiver'                            +
++++++++++++++++++++++++++++++++++++++++++++++++++++++++++++
2018-03-16 12:45:07,776 [main] INFO  org.mule.util.queue.QueueXaResourceManager - Starting ResourceManager
2018-03-16 12:45:07,777 [main] INFO  org.mule.util.queue.QueueXaResourceManager - Started ResourceManager
2018-03-16 12:45:07,815 [main] INFO  org.mule.module.http.internal.listener.DefaultHttpListenerConfig - Listening for requests on http://0.0.0.0:5000
2018-03-16 12:45:07,817 [main] INFO  com.mulesoft.mule.transport.ftp.EEFtpConnector - Connected: EEFtpConnector
{
  name=connector.ftp.mule.default
  lifecycle=initialise
  this=26ca61bf
  numberOfConcurrentTransactedReceivers=4
  createMultipleTransactedReceivers=true
  connected=true
  supportedProtocols=[ftp]
  serviceOverrides=<none>
}

2018-03-16 12:45:07,817 [main] INFO  com.mulesoft.mule.transport.ftp.EEFtpConnector - Starting: EEFtpConnector
{
  name=connector.ftp.mule.default
  lifecycle=initialise
  this=26ca61bf
  numberOfConcurrentTransactedReceivers=4
  createMultipleTransactedReceivers=true
  connected=true
  supportedProtocols=[ftp]
  serviceOverrides=<none>
}

2018-03-16 12:45:07,819 [main] INFO  org.mule.lifecycle.AbstractLifecycleManager - Starting connector: connector.ftp.mule.default
2018-03-16 12:45:07,822 [main] INFO  org.mule.modules.oauth2.provider.agents.DefaultSplashScreenAgent - 
++++++++++++++++++++++++++++++++++++++++++++++++++++++++++++++++++++++++++++++++
+ DevKit Extensions (0) used in this application 
                             +
++++++++++++++++++++++++++++++++++++++++++++++++++++++++++++++++++++++++++++++++
2018-03-16 12:45:07,823 [main] INFO  org.mule.lifecycle.AbstractLifecycleManager - Starting model: _muleSystemModel
2018-03-16 12:45:07,825 [main] INFO  org.mule.construct.FlowConstructLifecycleManager - Starting flow: image_receiverFlow
2018-03-16 12:45:07,825 [main] INFO  org.mule.processor.SedaStageLifecycleManager - Starting service: image_receiverFlow.stage1
2018-03-16 12:45:07,860 [main] INFO  com.mulesoft.mule.transport.ftp.EEFtpConnector - Registering listener: image_receiverFlow on endpointUri: ftp://localhost:5000
2018-03-16 12:45:07,876 [main] INFO  org.mule.lifecycle.AbstractLifecycleManager - Initialising: 'null'. Object is: EEFtpMessageReceiver
2018-03-16 12:45:07,876 [main] INFO  com.mulesoft.mule.transport.ftp.EEFtpMessageReceiver - Connecting clusterizable message receiver
2018-03-16 12:45:07,877 [main] INFO  org.mule.lifecycle.AbstractLifecycleManager - Starting: 'null'. Object is: EEFtpMessageReceiver
2018-03-16 12:45:07,877 [main] INFO  com.mulesoft.mule.transport.ftp.EEFtpMessageReceiver - Starting clusterizable message receiver
2018-03-16 12:45:07,885 [main] INFO  org.mule.module.management.agent.WrapperManagerAgent - This JVM hasn't been launched by the wrapper, the agent will not run.
2018-03-16 12:45:07,902 [main] INFO  org.mule.module.management.agent.AbstractJmxAgent - Attempting to register service with name: Mule.image_receiver:type=Endpoint,service="image_receiverFlow",connector=connector.ftp.mule.default,name="endpoint.ftp.localhost.5000"
2018-03-16 12:45:07,903 [main] INFO  org.mule.module.management.agent.AbstractJmxAgent - Registered Endpoint Service with name: Mule.image_receiver:type=Endpoint,service="image_receiverFlow",connector=connector.ftp.mule.default,name="endpoint.ftp.localhost.5000"
2018-03-16 12:45:07,905 [main] INFO  org.mule.module.management.agent.AbstractJmxAgent - Registered Connector Service with name Mule.image_receiver:type=Connector,name="connector.ftp.mule.default"
2018-03-16 12:45:07,907 [main] INFO  org.mule.DefaultMuleContext - 
**********************************************************************
* Application: image_receiver                                        *
* OS encoding: \, Mule encoding: UTF-8                               *
*                                                                    *
* Agents Running:                                                    *
*   JMX Agent                                                        *
*   Batch module default engine                                      *
*   DevKit Extension Information                                     *
*   Wrapper Manager                                                  *
**********************************************************************
2018-03-16 12:45:14,873 [main] INFO  org.mule.module.launcher.application.DefaultMuleApplication - 
++++++++++++++++++++++++++++++++++++++++++++++++++++++++++++
+ Initializing app 'image_receiver'                        +
++++++++++++++++++++++++++++++++++++++++++++++++++++++++++++
2018-03-16 12:45:15,014 [main] INFO  org.mule.lifecycle.AbstractLifecycleManager - Initialising RegistryBroker
2018-03-16 12:45:15,125 [main] INFO  org.mule.module.extension.internal.manager.DefaultExtensionManager - Starting discovery of extensions
2018-03-16 12:45:15,240 [main] INFO  org.mule.module.extension.internal.manager.DefaultExtensionManager - Discovered 1 extensions
2018-03-16 12:45:15,240 [main] INFO  org.mule.module.extension.internal.manager.DefaultExtensionManager - Registering extension validation (version 3.8)
2018-03-16 12:45:15,306 [main] INFO  org.mule.config.spring.MuleArtifactContext - Refreshing org.mule.config.spring.MuleArtifactContext@544630b7: startup date [Fri Mar 16 12:45:15 GMT 2018]; root of context hierarchy
2018-03-16 12:45:16,548 [main] INFO  org.mule.config.spring.processors.NoDevkitInjectorProcessor - JSR-330 'javax.inject.Inject' annotation found and supported for autowiring
2018-03-16 12:45:17,078 [main] WARN  org.springframework.beans.GenericTypeAwarePropertyDescriptor - Invalid JavaBean property 'port' being accessed! Ambiguous write methods found next to actually used [public void org.mule.endpoint.URIBuilder.setPort(java.lang.String)]: [public void org.mule.endpoint.URIBuilder.setPort(int)]
2018-03-16 12:45:17,428 [main] WARN  org.mule.module.ognl.expression.OgnlExpressionEvaluator - OGNL module is deprecated and will be removed in Mule 4.0. Use MEL expressions instead.
2018-03-16 12:45:18,205 [main] INFO  org.mule.util.journal.TransactionJournal - Using files for tx logs C:\Users\Admin\AnypointStudio\workspace\.mule\.\.mule\image_receiver\queue-tx-log\tx1.log and C:\Users\Admin\AnypointStudio\workspace\.mule\.\.mule\image_receiver\queue-tx-log\tx2.log
2018-03-16 12:45:18,219 [main] INFO  org.mule.util.journal.TransactionJournal - Using files for tx logs C:\Users\Admin\AnypointStudio\workspace\.mule\.\.mule\image_receiver\queue-xa-tx-log\tx1.log and C:\Users\Admin\AnypointStudio\workspace\.mule\.\.mule\image_receiver\queue-xa-tx-log\tx2.log
2018-03-16 12:45:18,223 [main] INFO  org.mule.lifecycle.AbstractLifecycleManager - Initialising connector: connector.ftp.mule.default
2018-03-16 12:45:18,328 [main] INFO  org.mule.lifecycle.AbstractLifecycleManager - Initialising model: _muleSystemModel
2018-03-16 12:45:18,332 [main] INFO  org.mule.construct.FlowConstructLifecycleManager - Initialising flow: image_receiverFlow
2018-03-16 12:45:18,332 [main] INFO  org.mule.exception.DefaultMessagingExceptionStrategy - Initialising exception listener: org.mule.exception.DefaultMessagingExceptionStrategy@4cfa83f9
2018-03-16 12:45:18,353 [main] INFO  org.mule.processor.SedaStageLifecycleManager - Initialising service: image_receiverFlow.stage1
2018-03-16 12:45:18,585 [main] INFO  org.mule.config.spring.SpringXmlConfigurationBuilder - Configured Mule using "org.mule.config.spring.SpringXmlConfigurationBuilder" with configuration resource(s): "[ConfigResource{resourceName='C:\Users\Admin\AnypointStudio\workspace\.mule\apps\image_receiver\image_receiver.xml'}]"
2018-03-16 12:45:18,586 [main] INFO  org.mule.config.builders.AutoConfigurationBuilder - Configured Mule using "org.mule.config.builders.AutoConfigurationBuilder" with configuration resource(s): "[ConfigResource{resourceName='C:\Users\Admin\AnypointStudio\workspace\.mule\apps\image_receiver\image_receiver.xml'}]"
2018-03-16 12:45:21,608 [main] INFO  org.mule.module.launcher.application.DefaultMuleApplication - 
++++++++++++++++++++++++++++++++++++++++++++++++++++++++++++
+ Starting app 'image_receiver'                            +
++++++++++++++++++++++++++++++++++++++++++++++++++++++++++++
2018-03-16 12:45:21,615 [main] INFO  org.mule.util.queue.QueueXaResourceManager - Starting ResourceManager
2018-03-16 12:45:21,615 [main] INFO  org.mule.util.queue.QueueXaResourceManager - Started ResourceManager
2018-03-16 12:45:21,654 [main] INFO  org.mule.module.http.internal.listener.DefaultHttpListenerConfig - Listening for requests on http://0.0.0.0:5000
2018-03-16 12:45:21,657 [main] INFO  com.mulesoft.mule.transport.ftp.EEFtpConnector - Connected: EEFtpConnector
{
  name=connector.ftp.mule.default
  lifecycle=initialise
  this=26ca61bf
  numberOfConcurrentTransactedReceivers=4
  createMultipleTransactedReceivers=true
  connected=true
  supportedProtocols=[ftp]
  serviceOverrides=<none>
}

2018-03-16 12:45:21,657 [main] INFO  com.mulesoft.mule.transport.ftp.EEFtpConnector - Starting: EEFtpConnector
{
  name=connector.ftp.mule.default
  lifecycle=initialise
  this=26ca61bf
  numberOfConcurrentTransactedReceivers=4
  createMultipleTransactedReceivers=true
  connected=true
  supportedProtocols=[ftp]
  serviceOverrides=<none>
}

2018-03-16 12:45:21,657 [main] INFO  org.mule.lifecycle.AbstractLifecycleManager - Starting connector: connector.ftp.mule.default
2018-03-16 12:45:21,662 [main] INFO  org.mule.modules.oauth2.provider.agents.DefaultSplashScreenAgent - 
++++++++++++++++++++++++++++++++++++++++++++++++++++++++++++++++++++++++++++++++
+ DevKit Extensions (0) used in this application 
                             +
++++++++++++++++++++++++++++++++++++++++++++++++++++++++++++++++++++++++++++++++
2018-03-16 12:45:21,663 [main] INFO  org.mule.lifecycle.AbstractLifecycleManager - Starting model: _muleSystemModel
2018-03-16 12:45:21,664 [main] INFO  org.mule.construct.FlowConstructLifecycleManager - Starting flow: image_receiverFlow
2018-03-16 12:45:21,665 [main] INFO  org.mule.processor.SedaStageLifecycleManager - Starting service: image_receiverFlow.stage1
2018-03-16 12:45:21,696 [main] INFO  com.mulesoft.mule.transport.ftp.EEFtpConnector - Registering listener: image_receiverFlow on endpointUri: ftp://localhost:5000
2018-03-16 12:45:21,713 [main] INFO  org.mule.lifecycle.AbstractLifecycleManager - Initialising: 'null'. Object is: EEFtpMessageReceiver
2018-03-16 12:45:21,713 [main] INFO  com.mulesoft.mule.transport.ftp.EEFtpMessageReceiver - Connecting clusterizable message receiver
2018-03-16 12:45:21,713 [main] INFO  org.mule.lifecycle.AbstractLifecycleManager - Starting: 'null'. Object is: EEFtpMessageReceiver
2018-03-16 12:45:21,713 [main] INFO  com.mulesoft.mule.transport.ftp.EEFtpMessageReceiver - Starting clusterizable message receiver
2018-03-16 12:45:21,720 [main] INFO  org.mule.module.management.agent.WrapperManagerAgent - This JVM hasn't been launched by the wrapper, the agent will not run.
2018-03-16 12:45:21,735 [main] INFO  org.mule.module.management.agent.AbstractJmxAgent - Attempting to register service with name: Mule.image_receiver:type=Endpoint,service="image_receiverFlow",connector=connector.ftp.mule.default,name="endpoint.ftp.localhost.5000"
2018-03-16 12:45:21,736 [main] INFO  org.mule.module.management.agent.AbstractJmxAgent - Registered Endpoint Service with name: Mule.image_receiver:type=Endpoint,service="image_receiverFlow",connector=connector.ftp.mule.default,name="endpoint.ftp.localhost.5000"
2018-03-16 12:45:21,737 [main] INFO  org.mule.module.management.agent.AbstractJmxAgent - Registered Connector Service with name Mule.image_receiver:type=Connector,name="connector.ftp.mule.default"
2018-03-16 12:45:21,739 [main] INFO  org.mule.DefaultMuleContext - 
**********************************************************************
* Application: image_receiver                                        *
* OS encoding: \, Mule encoding: UTF-8                               *
*                                                                    *
* Agents Running:                                                    *
*   JMX Agent                                                        *
*   Batch module default engine                                      *
*   DevKit Extension Information                                     *
*   Wrapper Manager                                                  *
**********************************************************************
